#
# There is insufficient memory for the Java Runtime Environment to continue.
# Native memory allocation (mmap) failed to map 76021760 bytes for committing reserved memory.
# Possible reasons:
#   The system is out of physical RAM or swap space
#   The process is running with CompressedOops enabled, and the Java Heap may be blocking the growth of the native heap
# Possible solutions:
#   Reduce memory load on the system
#   Increase physical memory or swap space
#   Check if swap backing store is full
#   Decrease Java heap size (-Xmx/-Xms)
#   Decrease number of Java threads
#   Decrease Java thread stack sizes (-Xss)
#   Set larger code cache with -XX:ReservedCodeCacheSize=
#   JVM is running with Unscaled Compressed Oops mode in which the Java heap is
#     placed in the first 4GB address space. The Java Heap base address is the
#     maximum limit for the native heap growth. Please use -XX:HeapBaseMinAddress
#     to set the Java Heap base and to place the Java Heap above 4GB virtual address.
# This output file may be truncated or incomplete.
#
#  Out of Memory Error (os_linux.cpp:2749), pid=5285, tid=0x00007f95b014c700
#
# JRE version: Java(TM) SE Runtime Environment (8.0_201-b09) (build 1.8.0_201-b09)
# Java VM: Java HotSpot(TM) 64-Bit Server VM (25.201-b09 mixed mode linux-amd64 compressed oops)
# Failed to write core dump. Core dumps have been disabled. To enable core dumping, try "ulimit -c unlimited" before starting Java again
#

---------------  T H R E A D  ---------------

Current thread (0x00007f95c007e800):  VMThread [stack: 0x00007f95b004d000,0x00007f95b014d000] [id=5299]

Stack: [0x00007f95b004d000,0x00007f95b014d000],  sp=0x00007f95b014b3d0,  free space=1016k
Native frames: (J=compiled Java code, j=interpreted, Vv=VM code, C=native code)
V  [libjvm.so+0xad3525]  VMError::report_and_die()+0x2e5
V  [libjvm.so+0x4e0457]  report_vm_out_of_memory(char const*, int, unsigned long, VMErrorType, char const*)+0x67
V  [libjvm.so+0x9102f0]  os::pd_commit_memory(char*, unsigned long, unsigned long, bool)+0x100
V  [libjvm.so+0x90791f]  os::commit_memory(char*, unsigned long, unsigned long, bool)+0x1f
V  [libjvm.so+0x98c806]  PSVirtualSpace::expand_by(unsigned long)+0x56
V  [libjvm.so+0x97badb]  PSOldGen::expand_by(unsigned long) [clone .part.28]+0x1b
V  [libjvm.so+0x97bc98]  PSOldGen::expand(unsigned long) [clone .part.29]+0xa8
V  [libjvm.so+0x97c841]  PSOldGen::resize(unsigned long)+0xe1
V  [libjvm.so+0x98297c]  PSParallelCompact::invoke_no_policy(bool) [clone .part.118]+0xa2c
V  [libjvm.so+0x98a795]  PSScavenge::invoke()+0x215
V  [libjvm.so+0x93a318]  ParallelScavengeHeap::failed_mem_allocate(unsigned long)+0x68
V  [libjvm.so+0xad5073]  VM_ParallelGCFailedAllocation::doit()+0x93
V  [libjvm.so+0xada296]  VM_Operation::evaluate()+0x46
V  [libjvm.so+0xad85cd]  VMThread::evaluate_operation(VM_Operation*) [clone .constprop.44]+0xcd
V  [libjvm.so+0xad8bb3]  VMThread::loop()+0x3a3
V  [libjvm.so+0xad8f88]  VMThread::run()+0x78
V  [libjvm.so+0x90d922]  java_start(Thread*)+0x102

VM_Operation (0x00007f952bffc7e0): ParallelGCFailedAllocation, mode: safepoint, requested by thread 0x00007f95c1353000


---------------  P R O C E S S  ---------------

Java Threads: ( => current thread )
  0x00007f9548003000 JavaThread "elasticsearch[_client_][generic][T#4]" daemon [_thread_blocked, id=5359, stack(0x00007f9529fef000,0x00007f952a0f0000)]
  0x00007f9584003000 JavaThread "elasticsearch[_client_][generic][T#3]" daemon [_thread_blocked, id=5358, stack(0x00007f952a0f0000,0x00007f952a1f1000)]
  0x00007f9548001800 JavaThread "elasticsearch[_client_][generic][T#2]" daemon [_thread_blocked, id=5357, stack(0x00007f952b1f2000,0x00007f952b2f3000)]
  0x00007f95c0010000 JavaThread "DestroyJavaVM" [_thread_blocked, id=5291, stack(0x00007f95c875b000,0x00007f95c885b000)]
  0x00007f95c1385000 JavaThread "http-nio-8080-Acceptor-0" daemon [_thread_in_native, id=5355, stack(0x00007f952b2f3000,0x00007f952b3f4000)]
  0x00007f95c1382000 JavaThread "http-nio-8080-ClientPoller-1" daemon [_thread_blocked, id=5354, stack(0x00007f952b3f4000,0x00007f952b4f5000)]
  0x00007f95c1373000 JavaThread "http-nio-8080-ClientPoller-0" daemon [_thread_blocked, id=5353, stack(0x00007f952b4f5000,0x00007f952b5f6000)]
  0x00007f95c1364000 JavaThread "http-nio-8080-exec-10" daemon [_thread_blocked, id=5352, stack(0x00007f952b5f6000,0x00007f952b6f7000)]
  0x00007f95c1362000 JavaThread "http-nio-8080-exec-9" daemon [_thread_blocked, id=5351, stack(0x00007f952b6f7000,0x00007f952b7f8000)]
  0x00007f95c1360000 JavaThread "http-nio-8080-exec-8" daemon [_thread_blocked, id=5350, stack(0x00007f952b7f8000,0x00007f952b8f9000)]
  0x00007f95c135e000 JavaThread "http-nio-8080-exec-7" daemon [_thread_blocked, id=5349, stack(0x00007f952b8f9000,0x00007f952b9fa000)]
  0x00007f95c135c000 JavaThread "http-nio-8080-exec-6" daemon [_thread_blocked, id=5348, stack(0x00007f952b9fa000,0x00007f952bafb000)]
  0x00007f95c135a000 JavaThread "http-nio-8080-exec-5" daemon [_thread_blocked, id=5347, stack(0x00007f952bafb000,0x00007f952bbfc000)]
  0x00007f95c1358800 JavaThread "http-nio-8080-exec-4" daemon [_thread_blocked, id=5346, stack(0x00007f952bbfc000,0x00007f952bcfd000)]
  0x00007f95c1356800 JavaThread "http-nio-8080-exec-3" daemon [_thread_blocked, id=5345, stack(0x00007f952bcfd000,0x00007f952bdfe000)]
  0x00007f95c1354800 JavaThread "http-nio-8080-exec-2" daemon [_thread_blocked, id=5344, stack(0x00007f952bdfe000,0x00007f952beff000)]
  0x00007f95c1353000 JavaThread "http-nio-8080-exec-1" daemon [_thread_blocked, id=5343, stack(0x00007f952beff000,0x00007f952c000000)]
  0x00007f95c134e800 JavaThread "NioBlockingSelector.BlockPoller-1" daemon [_thread_blocked, id=5342, stack(0x00007f95300a2000,0x00007f95301a3000)]
  0x00007f954003e800 JavaThread "I/O dispatcher 4" [_thread_blocked, id=5341, stack(0x00007f95303a3000,0x00007f95304a4000)]
  0x00007f954003c800 JavaThread "I/O dispatcher 3" [_thread_blocked, id=5340, stack(0x00007f95304a4000,0x00007f95305a5000)]
  0x00007f954003b000 JavaThread "I/O dispatcher 2" [_thread_blocked, id=5339, stack(0x00007f95305a5000,0x00007f95306a6000)]
  0x00007f9540002000 JavaThread "I/O dispatcher 1" [_thread_blocked, id=5338, stack(0x00007f95306a6000,0x00007f95307a7000)]
  0x00007f95c132e000 JavaThread "pool-1-thread-1" [_thread_blocked, id=5337, stack(0x00007f95a005a000,0x00007f95a015b000)]
  0x00007f95c11af800 JavaThread "elasticsearch[_client_][transport_client_boss][T#8]" daemon [_thread_blocked, id=5336, stack(0x00007f95a015b000,0x00007f95a025c000)]
  0x00007f95c11ad800 JavaThread "elasticsearch[_client_][transport_client_boss][T#7]" daemon [_thread_blocked, id=5335, stack(0x00007f95a025c000,0x00007f95a035d000)]
  0x00007f95c11ac000 JavaThread "elasticsearch[_client_][transport_client_boss][T#6]" daemon [_thread_blocked, id=5334, stack(0x00007f95a035d000,0x00007f95a045e000)]
  0x00007f95c11aa000 JavaThread "elasticsearch[_client_][transport_client_boss][T#5]" daemon [_thread_blocked, id=5333, stack(0x00007f95a045e000,0x00007f95a055f000)]
  0x00007f95c11a8000 JavaThread "elasticsearch[_client_][transport_client_boss][T#4]" daemon [_thread_blocked, id=5332, stack(0x00007f95a055f000,0x00007f95a0660000)]
  0x00007f95c11a6800 JavaThread "elasticsearch[_client_][transport_client_boss][T#3]" daemon [_thread_blocked, id=5331, stack(0x00007f95a0660000,0x00007f95a0761000)]
  0x00007f95c11a5000 JavaThread "elasticsearch[_client_][transport_client_boss][T#2]" daemon [_thread_blocked, id=5330, stack(0x00007f95a0761000,0x00007f95a0862000)]
  0x00007f95c11a3000 JavaThread "elasticsearch[_client_][generic][T#1]" daemon [_thread_blocked, id=5329, stack(0x00007f95a0862000,0x00007f95a0963000)]
  0x00007f95c1189000 JavaThread "elasticsearch[_client_][transport_client_boss][T#1]" daemon [_thread_blocked, id=5328, stack(0x00007f95a1b64000,0x00007f95a1c65000)]
  0x00007f95c1072000 JavaThread "elasticsearch[_client_][scheduler][T#1]" daemon [_thread_blocked, id=5327, stack(0x00007f95a1e65000,0x00007f95a1f66000)]
  0x00007f95c0cd9800 JavaThread "elasticsearch[_client_][[timer]]" daemon [_thread_blocked, id=5325, stack(0x00007f95a2566000,0x00007f95a2667000)]
  0x00007f95c0b92000 JavaThread "container-0" [_thread_blocked, id=5324, stack(0x00007f95a2867000,0x00007f95a2968000)]
  0x00007f9558327800 JavaThread "Catalina-utility-2" [_thread_blocked, id=5323, stack(0x00007f95a3368000,0x00007f95a3469000)]
  0x00007f95c0b8f800 JavaThread "Catalina-utility-1" [_thread_blocked, id=5322, stack(0x00007f95a3cff000,0x00007f95a3e00000)]
  0x00007f955c014800 JavaThread "JMX server connection timeout 16" daemon [_thread_blocked, id=5316, stack(0x00007f95a8060000,0x00007f95a8161000)]
  0x00007f955c012000 JavaThread "RMI Scheduler(0)" daemon [_thread_blocked, id=5315, stack(0x00007f95a8161000,0x00007f95a8262000)]
  0x00007f9570001800 JavaThread "RMI TCP Connection(idle)" daemon [_thread_blocked, id=5314, stack(0x00007f95a8288000,0x00007f95a8389000)]
  0x00007f9584001000 JavaThread "Attach Listener" daemon [_thread_blocked, id=5311, stack(0x00007f95a8389000,0x00007f95a848a000)]
  0x00007f95c060e000 JavaThread "RMI TCP Accept-0" daemon [_thread_blocked, id=5309, stack(0x00007f95a858b000,0x00007f95a868c000)]
  0x00007f95c0600000 JavaThread "RMI TCP Accept-45485" daemon [_thread_in_native, id=5308, stack(0x00007f95a868c000,0x00007f95a878d000)]
  0x00007f95c05eb000 JavaThread "RMI TCP Accept-0" daemon [_thread_in_native, id=5307, stack(0x00007f95a878d000,0x00007f95a888e000)]
  0x00007f95c00cf800 JavaThread "Service Thread" daemon [_thread_blocked, id=5306, stack(0x00007f95a91fa000,0x00007f95a92fb000)]
  0x00007f95c00c4800 JavaThread "C1 CompilerThread2" daemon [_thread_blocked, id=5305, stack(0x00007f95a92fc000,0x00007f95a93fc000)]
  0x00007f95c00c3000 JavaThread "C2 CompilerThread1" daemon [_thread_blocked, id=5304, stack(0x00007f95a93fd000,0x00007f95a94fd000)]
  0x00007f95c00c0000 JavaThread "C2 CompilerThread0" daemon [_thread_blocked, id=5303, stack(0x00007f95a94fe000,0x00007f95a95fe000)]
  0x00007f95c00be800 JavaThread "Signal Dispatcher" daemon [_thread_blocked, id=5302, stack(0x00007f95a95fe000,0x00007f95a96ff000)]
  0x00007f95c008a800 JavaThread "Finalizer" daemon [_thread_blocked, id=5301, stack(0x00007f95aa0ce000,0x00007f95aa1cf000)]
  0x00007f95c0088000 JavaThread "Reference Handler" daemon [_thread_blocked, id=5300, stack(0x00007f95aa1cf000,0x00007f95aa2d0000)]

Other Threads:
=>0x00007f95c007e800 VMThread [stack: 0x00007f95b004d000,0x00007f95b014d000] [id=5299]
  0x00007f95c0612800 WatcherThread [stack: 0x00007f95a848b000,0x00007f95a858b000] [id=5310]

VM state:at safepoint (normal execution)

VM Mutex/Monitor currently owned by a thread:  ([mutex/lock_event])
[0x00007f95c000c440] ExpandHeap_lock - owner thread: 0x00007f95c007e800
[0x00007f95c000cac0] Threads_lock - owner thread: 0x00007f95c007e800
[0x00007f95c000cfc0] Heap_lock - owner thread: 0x00007f95c1353000

heap address: 0x00000000c5a00000, size: 934 MB, Compressed Oops mode: 32-bit
Narrow klass base: 0x0000000000000000, Narrow klass shift: 3
Compressed class space size: 1073741824 Address: 0x0000000100000000

Heap:
 PSYoungGen      total 163840K, used 0K [0x00000000ec900000, 0x00000000fb880000, 0x0000000100000000)
  eden space 117760K, 0% used [0x00000000ec900000,0x00000000ec900000,0x00000000f3c00000)
  from space 46080K, 0% used [0x00000000f6d80000,0x00000000f6d80000,0x00000000f9a80000)
  to   space 50688K, 0% used [0x00000000f3c00000,0x00000000f3c00000,0x00000000f6d80000)
 ParOldGen       total 197632K, used 156525K [0x00000000c5a00000, 0x00000000d1b00000, 0x00000000ec900000)
  object space 197632K, 79% used [0x00000000c5a00000,0x00000000cf2db540,0x00000000d1b00000)
 Metaspace       used 50389K, capacity 53566K, committed 53760K, reserved 1095680K
  class space    used 6858K, capacity 7598K, committed 7680K, reserved 1048576K

Card table byte_map: [0x00007f95c5261000,0x00007f95c5435000] byte_map_base: 0x00007f95c4c34000

Marking Bits: (ParMarkBitMap*) 0x00007f95c7c02d80
 Begin Bits: [0x00007f95aa2d0000, 0x00007f95ab168000)
 End Bits:   [0x00007f95ab168000, 0x00007f95ac000000)

Polling page: 0x00007f95c8872000

CodeCache: size=245760Kb used=7731Kb max_used=7731Kb free=238028Kb
 bounds [0x00007f95b1000000, 0x00007f95b1790000, 0x00007f95c0000000]
 total_blobs=4499 nmethods=3911 adapters=500
 compilation: enabled

Compilation events (10 events):
Event: 114.095 Thread 0x00007f95c00c4800 3994       1       sun.misc.SharedSecrets::getJavaAWTAccess (12 bytes)
Event: 114.096 Thread 0x00007f95c00c4800 nmethod 3994 0x00007f95b1591cd0 code [0x00007f95b1591e20, 0x00007f95b1591f30]
Event: 114.195 Thread 0x00007f95c00c4800 3995 %     1       java.util.Properties$LineReader::readLine @ 21 (468 bytes)
Event: 114.230 Thread 0x00007f95c00c4800 nmethod 3995% 0x00007f95b1590a10 code [0x00007f95b1590c00, 0x00007f95b1591688]
Event: 114.441 Thread 0x00007f95c00c4800 3996       1       java.lang.reflect.Constructor::getAnnotationBytes (5 bytes)
Event: 114.441 Thread 0x00007f95c00c4800 nmethod 3996 0x00007f95b1590750 code [0x00007f95b15908a0, 0x00007f95b15909b0]
Event: 114.470 Thread 0x00007f95c00c4800 3997       1       ch.qos.logback.core.pattern.Converter::write (11 bytes)
Event: 114.471 Thread 0x00007f95c00c4800 nmethod 3997 0x00007f95b1590390 code [0x00007f95b1590500, 0x00007f95b1590678]
Event: 114.472 Thread 0x00007f95c00c4800 3998       1       ch.qos.logback.core.pattern.LiteralConverter::convert (5 bytes)
Event: 114.472 Thread 0x00007f95c00c4800 nmethod 3998 0x00007f95b15900d0 code [0x00007f95b1590220, 0x00007f95b1590330]

GC Heap History (10 events):
Event: 14.298 GC heap after
Heap after GC invocations=11 (full 2):
 PSYoungGen      total 125440K, used 0K [0x00000000ec900000, 0x00000000f5980000, 0x0000000100000000)
  eden space 117760K, 0% used [0x00000000ec900000,0x00000000ec900000,0x00000000f3c00000)
  from space 7680K, 0% used [0x00000000f3c00000,0x00000000f3c00000,0x00000000f4380000)
  to   space 11776K, 0% used [0x00000000f4e00000,0x00000000f4e00000,0x00000000f5980000)
 ParOldGen       total 56832K, used 20720K [0x00000000c5a00000, 0x00000000c9180000, 0x00000000ec900000)
  object space 56832K, 36% used [0x00000000c5a00000,0x00000000c6e3c128,0x00000000c9180000)
 Metaspace       used 33567K, capacity 35318K, committed 35456K, reserved 1079296K
  class space    used 4501K, capacity 4916K, committed 4992K, reserved 1048576K
}
Event: 16.975 GC heap before
{Heap before GC invocations=12 (full 2):
 PSYoungGen      total 125440K, used 117760K [0x00000000ec900000, 0x00000000f5980000, 0x0000000100000000)
  eden space 117760K, 100% used [0x00000000ec900000,0x00000000f3c00000,0x00000000f3c00000)
  from space 7680K, 0% used [0x00000000f3c00000,0x00000000f3c00000,0x00000000f4380000)
  to   space 11776K, 0% used [0x00000000f4e00000,0x00000000f4e00000,0x00000000f5980000)
 ParOldGen       total 56832K, used 20720K [0x00000000c5a00000, 0x00000000c9180000, 0x00000000ec900000)
  object space 56832K, 36% used [0x00000000c5a00000,0x00000000c6e3c128,0x00000000c9180000)
 Metaspace       used 44087K, capacity 46578K, committed 46848K, reserved 1089536K
  class space    used 5951K, capacity 6634K, committed 6656K, reserved 1048576K
Event: 17.003 GC heap after
Heap after GC invocations=12 (full 2):
 PSYoungGen      total 109568K, used 11763K [0x00000000ec900000, 0x00000000fab00000, 0x0000000100000000)
  eden space 97792K, 0% used [0x00000000ec900000,0x00000000ec900000,0x00000000f2880000)
  from space 11776K, 99% used [0x00000000f4e00000,0x00000000f597cf08,0x00000000f5980000)
  to   space 38400K, 0% used [0x00000000f2880000,0x00000000f2880000,0x00000000f4e00000)
 ParOldGen       total 90624K, used 87554K [0x00000000c5a00000, 0x00000000cb280000, 0x00000000ec900000)
  object space 90624K, 96% used [0x00000000c5a00000,0x00000000caf80a88,0x00000000cb280000)
 Metaspace       used 44087K, capacity 46578K, committed 46848K, reserved 1089536K
  class space    used 5951K, capacity 6634K, committed 6656K, reserved 1048576K
}
Event: 17.003 GC heap before
{Heap before GC invocations=13 (full 3):
 PSYoungGen      total 109568K, used 11763K [0x00000000ec900000, 0x00000000fab00000, 0x0000000100000000)
  eden space 97792K, 0% used [0x00000000ec900000,0x00000000ec900000,0x00000000f2880000)
  from space 11776K, 99% used [0x00000000f4e00000,0x00000000f597cf08,0x00000000f5980000)
  to   space 38400K, 0% used [0x00000000f2880000,0x00000000f2880000,0x00000000f4e00000)
 ParOldGen       total 90624K, used 87554K [0x00000000c5a00000, 0x00000000cb280000, 0x00000000ec900000)
  object space 90624K, 96% used [0x00000000c5a00000,0x00000000caf80a88,0x00000000cb280000)
 Metaspace       used 44087K, capacity 46578K, committed 46848K, reserved 1089536K
  class space    used 5951K, capacity 6634K, committed 6656K, reserved 1048576K
Event: 17.085 GC heap after
Heap after GC invocations=13 (full 3):
 PSYoungGen      total 109568K, used 0K [0x00000000ec900000, 0x00000000fab00000, 0x0000000100000000)
  eden space 97792K, 0% used [0x00000000ec900000,0x00000000ec900000,0x00000000f2880000)
  from space 11776K, 0% used [0x00000000f4e00000,0x00000000f4e00000,0x00000000f5980000)
  to   space 38400K, 0% used [0x00000000f2880000,0x00000000f2880000,0x00000000f4e00000)
 ParOldGen       total 130048K, used 60213K [0x00000000c5a00000, 0x00000000cd900000, 0x00000000ec900000)
  object space 130048K, 46% used [0x00000000c5a00000,0x00000000c94cd7f0,0x00000000cd900000)
 Metaspace       used 44087K, capacity 46578K, committed 46848K, reserved 1089536K
  class space    used 5951K, capacity 6634K, committed 6656K, reserved 1048576K
}
Event: 18.632 GC heap before
{Heap before GC invocations=14 (full 3):
 PSYoungGen      total 109568K, used 97792K [0x00000000ec900000, 0x00000000fab00000, 0x0000000100000000)
  eden space 97792K, 100% used [0x00000000ec900000,0x00000000f2880000,0x00000000f2880000)
  from space 11776K, 0% used [0x00000000f4e00000,0x00000000f4e00000,0x00000000f5980000)
  to   space 38400K, 0% used [0x00000000f2880000,0x00000000f2880000,0x00000000f4e00000)
 ParOldGen       total 130048K, used 60213K [0x00000000c5a00000, 0x00000000cd900000, 0x00000000ec900000)
  object space 130048K, 46% used [0x00000000c5a00000,0x00000000c94cd7f0,0x00000000cd900000)
 Metaspace       used 49003K, capacity 52038K, committed 52224K, reserved 1093632K
  class space    used 6661K, capacity 7404K, committed 7424K, reserved 1048576K
Event: 18.645 GC heap after
Heap after GC invocations=14 (full 3):
 PSYoungGen      total 136192K, used 38371K [0x00000000ec900000, 0x00000000f9a80000, 0x0000000100000000)
  eden space 97792K, 0% used [0x00000000ec900000,0x00000000ec900000,0x00000000f2880000)
  from space 38400K, 99% used [0x00000000f2880000,0x00000000f4df8e40,0x00000000f4e00000)
  to   space 46080K, 0% used [0x00000000f6d80000,0x00000000f6d80000,0x00000000f9a80000)
 ParOldGen       total 130048K, used 62887K [0x00000000c5a00000, 0x00000000cd900000, 0x00000000ec900000)
  object space 130048K, 48% used [0x00000000c5a00000,0x00000000c9769d18,0x00000000cd900000)
 Metaspace       used 49003K, capacity 52038K, committed 52224K, reserved 1093632K
  class space    used 6661K, capacity 7404K, committed 7424K, reserved 1048576K
}
Event: 114.811 GC heap before
{Heap before GC invocations=15 (full 3):
 PSYoungGen      total 136192K, used 136163K [0x00000000ec900000, 0x00000000f9a80000, 0x0000000100000000)
  eden space 97792K, 100% used [0x00000000ec900000,0x00000000f2880000,0x00000000f2880000)
  from space 38400K, 99% used [0x00000000f2880000,0x00000000f4df8e40,0x00000000f4e00000)
  to   space 46080K, 0% used [0x00000000f6d80000,0x00000000f6d80000,0x00000000f9a80000)
 ParOldGen       total 130048K, used 62887K [0x00000000c5a00000, 0x00000000cd900000, 0x00000000ec900000)
  object space 130048K, 48% used [0x00000000c5a00000,0x00000000c9769d18,0x00000000cd900000)
 Metaspace       used 50389K, capacity 53566K, committed 53760K, reserved 1095680K
  class space    used 6858K, capacity 7598K, committed 7680K, reserved 1048576K
Event: 145.564 GC heap after
Heap after GC invocations=15 (full 3):
 PSYoungGen      total 163840K, used 35637K [0x00000000ec900000, 0x00000000fb880000, 0x0000000100000000)
  eden space 117760K, 0% used [0x00000000ec900000,0x00000000ec900000,0x00000000f3c00000)
  from space 46080K, 77% used [0x00000000f6d80000,0x00000000f904d580,0x00000000f9a80000)
  to   space 50688K, 0% used [0x00000000f3c00000,0x00000000f3c00000,0x00000000f6d80000)
 ParOldGen       total 197632K, used 182659K [0x00000000c5a00000, 0x00000000d1b00000, 0x00000000ec900000)
  object space 197632K, 92% used [0x00000000c5a00000,0x00000000d0c60e98,0x00000000d1b00000)
 Metaspace       used 50389K, capacity 53566K, committed 53760K, reserved 1095680K
  class space    used 6858K, capacity 7598K, committed 7680K, reserved 1048576K
}
Event: 146.389 GC heap before
{Heap before GC invocations=16 (full 4):
 PSYoungGen      total 163840K, used 35637K [0x00000000ec900000, 0x00000000fb880000, 0x0000000100000000)
  eden space 117760K, 0% used [0x00000000ec900000,0x00000000ec900000,0x00000000f3c00000)
  from space 46080K, 77% used [0x00000000f6d80000,0x00000000f904d580,0x00000000f9a80000)
  to   space 50688K, 0% used [0x00000000f3c00000,0x00000000f3c00000,0x00000000f6d80000)
 ParOldGen       total 197632K, used 182659K [0x00000000c5a00000, 0x00000000d1b00000, 0x00000000ec900000)
  object space 197632K, 92% used [0x00000000c5a00000,0x00000000d0c60e98,0x00000000d1b00000)
 Metaspace       used 50389K, capacity 53566K, committed 53760K, reserved 1095680K
  class space    used 6858K, capacity 7598K, committed 7680K, reserved 1048576K

Deoptimization events (0 events):
No events

Classes redefined (0 events):
No events

Internal exceptions (10 events):
Event: 20.551 Thread 0x00007f9570001800 Exception <a 'java/lang/ClassNotFoundException': org/springframework/context/support/LiveBeansView> (0x00000000ed8d3b70) thrown at [/HUDSON/workspace/8-2-build-linux-amd64/jdk8u201/12317/hotspot/src/share/vm/classfile/systemDictionary.cpp, line 210]
Event: 20.551 Thread 0x00007f9570001800 Exception <a 'java/lang/ClassNotFoundException': org/springframework/boot/actuate/endpoint/jmx/EndpointMBean> (0x00000000ed8ed368) thrown at [/HUDSON/workspace/8-2-build-linux-amd64/jdk8u201/12317/hotspot/src/share/vm/classfile/systemDictionary.cpp, line 
Event: 20.551 Thread 0x00007f9570001800 Exception <a 'java/lang/ClassNotFoundException': org/springframework/boot/actuate/endpoint/jmx/DataEndpointMBean> (0x00000000ed8ed8c8) thrown at [/HUDSON/workspace/8-2-build-linux-amd64/jdk8u201/12317/hotspot/src/share/vm/classfile/systemDictionary.cpp, l
Event: 20.551 Thread 0x00007f9570001800 Exception <a 'java/lang/ClassNotFoundException': org/springframework/context/support/LiveBeansView> (0x00000000ed8ede10) thrown at [/HUDSON/workspace/8-2-build-linux-amd64/jdk8u201/12317/hotspot/src/share/vm/classfile/systemDictionary.cpp, line 210]
Event: 20.552 Thread 0x00007f9570001800 Exception <a 'java/lang/ClassNotFoundException': org/springframework/boot/actuate/endpoint/jmx/EndpointMBean> (0x00000000ed9856c8) thrown at [/HUDSON/workspace/8-2-build-linux-amd64/jdk8u201/12317/hotspot/src/share/vm/classfile/systemDictionary.cpp, line 
Event: 20.552 Thread 0x00007f9570001800 Exception <a 'java/lang/ClassNotFoundException': org/springframework/boot/actuate/endpoint/jmx/DataEndpointMBean> (0x00000000ed985c28) thrown at [/HUDSON/workspace/8-2-build-linux-amd64/jdk8u201/12317/hotspot/src/share/vm/classfile/systemDictionary.cpp, l
Event: 20.552 Thread 0x00007f9570001800 Exception <a 'java/lang/ClassNotFoundException': org/springframework/context/support/LiveBeansView> (0x00000000ed986170) thrown at [/HUDSON/workspace/8-2-build-linux-amd64/jdk8u201/12317/hotspot/src/share/vm/classfile/systemDictionary.cpp, line 210]
Event: 20.552 Thread 0x00007f9570001800 Exception <a 'java/lang/ClassNotFoundException': org/springframework/boot/actuate/endpoint/jmx/EndpointMBean> (0x00000000ed9864a0) thrown at [/HUDSON/workspace/8-2-build-linux-amd64/jdk8u201/12317/hotspot/src/share/vm/classfile/systemDictionary.cpp, line 
Event: 20.552 Thread 0x00007f9570001800 Exception <a 'java/lang/ClassNotFoundException': org/springframework/boot/actuate/endpoint/jmx/DataEndpointMBean> (0x00000000ed9869c0) thrown at [/HUDSON/workspace/8-2-build-linux-amd64/jdk8u201/12317/hotspot/src/share/vm/classfile/systemDictionary.cpp, l
Event: 20.552 Thread 0x00007f9570001800 Exception <a 'java/lang/ClassNotFoundException': org/springframework/context/support/LiveBeansView> (0x00000000ed986ec8) thrown at [/HUDSON/workspace/8-2-build-linux-amd64/jdk8u201/12317/hotspot/src/share/vm/classfile/systemDictionary.cpp, line 210]

Events (10 events):
Event: 114.734 loading class org/apache/tomcat/util/http/fileupload/ThresholdingOutputStream done
Event: 114.735 loading class org/apache/tomcat/util/http/fileupload/ByteArrayOutputStream
Event: 114.735 loading class org/apache/tomcat/util/http/fileupload/ByteArrayOutputStream done
Event: 114.737 loading class org/apache/tomcat/util/http/fileupload/FileUtils
Event: 114.737 loading class org/apache/tomcat/util/http/fileupload/FileUtils done
Event: 114.758 loading class java/io/FileOutputStream$1
Event: 114.772 loading class java/io/FileOutputStream$1 done
Event: 114.773 loading class org/apache/catalina/core/ApplicationPart
Event: 114.773 loading class org/apache/catalina/core/ApplicationPart done
Event: 114.797 Executing VM operation: ParallelGCFailedAllocation


Dynamic libraries:
00400000-00401000 r-xp 00000000 08:0b 6298610                            /opt/jdk1.8.0_201/bin/java
00600000-00601000 r--p 00000000 08:0b 6298610                            /opt/jdk1.8.0_201/bin/java
00601000-00602000 rw-p 00001000 08:0b 6298610                            /opt/jdk1.8.0_201/bin/java
00c4a000-00c91000 rw-p 00000000 00:00 0                                  [heap]
c5a00000-d1b00000 rw-p 00000000 00:00 0 
d6380000-ec900000 ---p 00000000 00:00 0 
ec900000-fb880000 rw-p 00000000 00:00 0 
fb880000-100000000 ---p 00000000 00:00 0 
100000000-100780000 rw-p 00000000 00:00 0 
100780000-140000000 ---p 00000000 00:00 0 
7f9526fec000-7f9529fef000 rw-p 00000000 00:00 0 
7f9529fef000-7f9529ff2000 ---p 00000000 00:00 0 
7f9529ff2000-7f952a0f0000 rw-p 00000000 00:00 0 
7f952a0f0000-7f952a0f3000 ---p 00000000 00:00 0 
7f952a0f3000-7f952b1f2000 rw-p 00000000 00:00 0 
7f952b1f2000-7f952b1f5000 ---p 00000000 00:00 0 
7f952b1f5000-7f952b2f3000 rw-p 00000000 00:00 0 
7f952b2f3000-7f952b2f6000 ---p 00000000 00:00 0 
7f952b2f6000-7f952b3f4000 rw-p 00000000 00:00 0 
7f952b3f4000-7f952b3f7000 ---p 00000000 00:00 0 
7f952b3f7000-7f952b4f5000 rw-p 00000000 00:00 0 
7f952b4f5000-7f952b4f8000 ---p 00000000 00:00 0 
7f952b4f8000-7f952b5f6000 rw-p 00000000 00:00 0 
7f952b5f6000-7f952b5f9000 ---p 00000000 00:00 0 
7f952b5f9000-7f952b6f7000 rw-p 00000000 00:00 0 
7f952b6f7000-7f952b6fa000 ---p 00000000 00:00 0 
7f952b6fa000-7f952b7f8000 rw-p 00000000 00:00 0 
7f952b7f8000-7f952b7fb000 ---p 00000000 00:00 0 
7f952b7fb000-7f952b8f9000 rw-p 00000000 00:00 0 
7f952b8f9000-7f952b8fc000 ---p 00000000 00:00 0 
7f952b8fc000-7f952b9fa000 rw-p 00000000 00:00 0 
7f952b9fa000-7f952b9fd000 ---p 00000000 00:00 0 
7f952b9fd000-7f952bafb000 rw-p 00000000 00:00 0 
7f952bafb000-7f952bafe000 ---p 00000000 00:00 0 
7f952bafe000-7f952bbfc000 rw-p 00000000 00:00 0 
7f952bbfc000-7f952bbff000 ---p 00000000 00:00 0 
7f952bbff000-7f952bcfd000 rw-p 00000000 00:00 0 
7f952bcfd000-7f952bd00000 ---p 00000000 00:00 0 
7f952bd00000-7f952bdfe000 rw-p 00000000 00:00 0 
7f952bdfe000-7f952be01000 ---p 00000000 00:00 0 
7f952be01000-7f952beff000 rw-p 00000000 00:00 0 
7f952beff000-7f952bf02000 ---p 00000000 00:00 0 
7f952bf02000-7f952c000000 rw-p 00000000 00:00 0 
7f952c000000-7f952c028000 rw-p 00000000 00:00 0 
7f952c028000-7f9530000000 ---p 00000000 00:00 0 
7f95300a2000-7f95300a5000 ---p 00000000 00:00 0 
7f95300a5000-7f95302a3000 rw-p 00000000 00:00 0 
7f95302a3000-7f95303a3000 ---p 00000000 00:00 0 
7f95303a3000-7f95303a6000 ---p 00000000 00:00 0 
7f95303a6000-7f95304a4000 rw-p 00000000 00:00 0 
7f95304a4000-7f95304a7000 ---p 00000000 00:00 0 
7f95304a7000-7f95305a5000 rw-p 00000000 00:00 0 
7f95305a5000-7f95305a8000 ---p 00000000 00:00 0 
7f95305a8000-7f95306a6000 rw-p 00000000 00:00 0 
7f95306a6000-7f95306a9000 ---p 00000000 00:00 0 
7f95306a9000-7f95307a7000 rw-p 00000000 00:00 0 
7f95307a7000-7f95307be000 r-xp 00000000 08:0b 7340055                    /lib/x86_64-linux-gnu/libgcc_s.so.1
7f95307be000-7f95309bd000 ---p 00017000 08:0b 7340055                    /lib/x86_64-linux-gnu/libgcc_s.so.1
7f95309bd000-7f95309be000 r--p 00016000 08:0b 7340055                    /lib/x86_64-linux-gnu/libgcc_s.so.1
7f95309be000-7f95309bf000 rw-p 00017000 08:0b 7340055                    /lib/x86_64-linux-gnu/libgcc_s.so.1
7f95309bf000-7f95309f7000 r-xp 00000000 08:0b 7752742                    /opt/jdk1.8.0_201/jre/lib/amd64/libsunec.so
7f95309f7000-7f9530bf6000 ---p 00038000 08:0b 7752742                    /opt/jdk1.8.0_201/jre/lib/amd64/libsunec.so
7f9530bf6000-7f9530bfb000 r--p 00037000 08:0b 7752742                    /opt/jdk1.8.0_201/jre/lib/amd64/libsunec.so
7f9530bfb000-7f9530bfd000 rw-p 0003c000 08:0b 7752742                    /opt/jdk1.8.0_201/jre/lib/amd64/libsunec.so
7f9530bfd000-7f9530dfd000 rw-p 00000000 00:00 0 
7f9530dfd000-7f9530ffd000 rw-p 00000000 00:00 0 
7f9530ffd000-7f9534000000 rw-p 00000000 00:00 0 
7f9534000000-7f953402f000 rw-p 00000000 00:00 0 
7f953402f000-7f9538000000 ---p 00000000 00:00 0 
7f9538000000-7f9538022000 rw-p 00000000 00:00 0 
7f9538022000-7f953c000000 ---p 00000000 00:00 0 
7f953c000000-7f953c05c000 rw-p 00000000 00:00 0 
7f953c05c000-7f9540000000 ---p 00000000 00:00 0 
7f9540000000-7f9540041000 rw-p 00000000 00:00 0 
7f9540041000-7f9544000000 ---p 00000000 00:00 0 
7f9544000000-7f9544437000 rw-p 00000000 00:00 0 
7f9544437000-7f9548000000 ---p 00000000 00:00 0 
7f9548000000-7f9548021000 rw-p 00000000 00:00 0 
7f9548021000-7f954c000000 ---p 00000000 00:00 0 
7f954c000000-7f954c058000 rw-p 00000000 00:00 0 
7f954c058000-7f9550000000 ---p 00000000 00:00 0 
7f9550000000-7f9550021000 rw-p 00000000 00:00 0 
7f9550021000-7f9554000000 ---p 00000000 00:00 0 
7f9554000000-7f9554021000 rw-p 00000000 00:00 0 
7f9554021000-7f9558000000 ---p 00000000 00:00 0 
7f9558000000-7f95584d7000 rw-p 00000000 00:00 0 
7f95584d7000-7f955c000000 ---p 00000000 00:00 0 
7f955c000000-7f955c072000 rw-p 00000000 00:00 0 
7f955c072000-7f9560000000 ---p 00000000 00:00 0 
7f9560000000-7f9560021000 rw-p 00000000 00:00 0 
7f9560021000-7f9564000000 ---p 00000000 00:00 0 
7f9564000000-7f9564021000 rw-p 00000000 00:00 0 
7f9564021000-7f9568000000 ---p 00000000 00:00 0 
7f9568000000-7f9568021000 rw-p 00000000 00:00 0 
7f9568021000-7f956c000000 ---p 00000000 00:00 0 
7f956c000000-7f956c021000 rw-p 00000000 00:00 0 
7f956c021000-7f9570000000 ---p 00000000 00:00 0 
7f9570000000-7f9570021000 rw-p 00000000 00:00 0 
7f9570021000-7f9574000000 ---p 00000000 00:00 0 
7f9574000000-7f9574021000 rw-p 00000000 00:00 0 
7f9574021000-7f9578000000 ---p 00000000 00:00 0 
7f9578000000-7f9578021000 rw-p 00000000 00:00 0 
7f9578021000-7f957c000000 ---p 00000000 00:00 0 
7f957c000000-7f957c021000 rw-p 00000000 00:00 0 
7f957c021000-7f9580000000 ---p 00000000 00:00 0 
7f9580000000-7f95806c5000 rw-p 00000000 00:00 0 
7f95806c5000-7f9584000000 ---p 00000000 00:00 0 
7f9584000000-7f9584021000 rw-p 00000000 00:00 0 
7f9584021000-7f9588000000 ---p 00000000 00:00 0 
7f9588000000-7f958802b000 rw-p 00000000 00:00 0 
7f958802b000-7f958c000000 ---p 00000000 00:00 0 
7f958c000000-7f958c021000 rw-p 00000000 00:00 0 
7f958c021000-7f9590000000 ---p 00000000 00:00 0 
7f9590000000-7f9590021000 rw-p 00000000 00:00 0 
7f9590021000-7f9594000000 ---p 00000000 00:00 0 
7f9594000000-7f9594021000 rw-p 00000000 00:00 0 
7f9594021000-7f9598000000 ---p 00000000 00:00 0 
7f9598000000-7f95982e5000 rw-p 00000000 00:00 0 
7f95982e5000-7f959c000000 ---p 00000000 00:00 0 
7f959c000000-7f959c021000 rw-p 00000000 00:00 0 
7f959c021000-7f95a0000000 ---p 00000000 00:00 0 
7f95a005a000-7f95a005d000 ---p 00000000 00:00 0 
7f95a005d000-7f95a015b000 rw-p 00000000 00:00 0 
7f95a015b000-7f95a015e000 ---p 00000000 00:00 0 
7f95a015e000-7f95a025c000 rw-p 00000000 00:00 0 
7f95a025c000-7f95a025f000 ---p 00000000 00:00 0 
7f95a025f000-7f95a035d000 rw-p 00000000 00:00 0 
7f95a035d000-7f95a0360000 ---p 00000000 00:00 0 
7f95a0360000-7f95a045e000 rw-p 00000000 00:00 0 
7f95a045e000-7f95a0461000 ---p 00000000 00:00 0 
7f95a0461000-7f95a055f000 rw-p 00000000 00:00 0 
7f95a055f000-7f95a0562000 ---p 00000000 00:00 0 
7f95a0562000-7f95a0660000 rw-p 00000000 00:00 0 
7f95a0660000-7f95a0663000 ---p 00000000 00:00 0 
7f95a0663000-7f95a0761000 rw-p 00000000 00:00 0 
7f95a0761000-7f95a0764000 ---p 00000000 00:00 0 
7f95a0764000-7f95a0862000 rw-p 00000000 00:00 0 
7f95a0862000-7f95a0865000 ---p 00000000 00:00 0 
7f95a0865000-7f95a1b64000 rw-p 00000000 00:00 0 
7f95a1b64000-7f95a1b67000 ---p 00000000 00:00 0 
7f95a1b67000-7f95a1e65000 rw-p 00000000 00:00 0 
7f95a1e65000-7f95a1e68000 ---p 00000000 00:00 0 
7f95a1e68000-7f95a2166000 rw-p 00000000 00:00 0 
7f95a2166000-7f95a2366000 rw-p 00000000 00:00 0 
7f95a2366000-7f95a2566000 rw-p 00000000 00:00 0 
7f95a2566000-7f95a2569000 ---p 00000000 00:00 0 
7f95a2569000-7f95a2867000 rw-p 00000000 00:00 0 
7f95a2867000-7f95a286a000 ---p 00000000 00:00 0 
7f95a286a000-7f95a2b68000 rw-p 00000000 00:00 0 
7f95a2b68000-7f95a2d68000 rw-p 00000000 00:00 0 
7f95a2d68000-7f95a2f68000 rw-p 00000000 00:00 0 
7f95a2f68000-7f95a3168000 rw-p 00000000 00:00 0 
7f95a3168000-7f95a3368000 rw-p 00000000 00:00 0 
7f95a3368000-7f95a336b000 ---p 00000000 00:00 0 
7f95a336b000-7f95a3669000 rw-p 00000000 00:00 0 
7f95a3669000-7f95a3869000 rw-p 00000000 00:00 0 
7f95a3869000-7f95a3a69000 rw-p 00000000 00:00 0 
7f95a3a69000-7f95a3aff000 r--s 0110e000 08:0b 7612189                    /opt/jdk1.8.0_201/jre/lib/ext/jfxrt.jar
7f95a3aff000-7f95a3cff000 rw-p 00000000 00:00 0 
7f95a3cff000-7f95a3d02000 ---p 00000000 00:00 0 
7f95a3d02000-7f95a4000000 rw-p 00000000 00:00 0 
7f95a4000000-7f95a4021000 rw-p 00000000 00:00 0 
7f95a4021000-7f95a8000000 ---p 00000000 00:00 0 
7f95a8043000-7f95a8045000 r--s 00009000 08:0b 7612186                    /opt/jdk1.8.0_201/jre/lib/ext/sunec.jar
7f95a8045000-7f95a8048000 r--s 0001a000 08:0b 7348544                    /opt/jdk1.8.0_201/jre/lib/jce.jar
7f95a8048000-7f95a805b000 r--s 00345000 08:0b 7348537                    /opt/jdk1.8.0_201/jre/lib/resources.jar
7f95a805b000-7f95a8060000 r--s 002f9000 08:0b 7348531                    /opt/jdk1.8.0_201/jre/lib/charsets.jar
7f95a8060000-7f95a8063000 ---p 00000000 00:00 0 
7f95a8063000-7f95a8161000 rw-p 00000000 00:00 0 
7f95a8161000-7f95a8164000 ---p 00000000 00:00 0 
7f95a8164000-7f95a8262000 rw-p 00000000 00:00 0 
7f95a8262000-7f95a826c000 r--s 00116000 08:0b 7612195                    /opt/jdk1.8.0_201/jre/lib/ext/localedata.jar
7f95a826c000-7f95a8288000 r--s 00393000 08:0b 7612188                    /opt/jdk1.8.0_201/jre/lib/ext/cldrdata.jar
7f95a8288000-7f95a828b000 ---p 00000000 00:00 0 
7f95a828b000-7f95a8389000 rw-p 00000000 00:00 0 
7f95a8389000-7f95a838c000 ---p 00000000 00:00 0 
7f95a838c000-7f95a848a000 rw-p 00000000 00:00 0 
7f95a848a000-7f95a848b000 ---p 00000000 00:00 0 
7f95a848b000-7f95a858b000 rw-p 00000000 00:00 0 
7f95a858b000-7f95a858e000 ---p 00000000 00:00 0 
7f95a858e000-7f95a868c000 rw-p 00000000 00:00 0 
7f95a868c000-7f95a868f000 ---p 00000000 00:00 0 
7f95a868f000-7f95a878d000 rw-p 00000000 00:00 0 
7f95a878d000-7f95a8790000 ---p 00000000 00:00 0 
7f95a8790000-7f95a888e000 rw-p 00000000 00:00 0 
7f95a888e000-7f95a8892000 r--s 000a1000 08:0b 7348538                    /opt/jdk1.8.0_201/jre/lib/jsse.jar
7f95a8892000-7f95a8893000 r--s 00005000 08:0b 6430902                    /home/luoji/.m2/repository/org/springframework/spring-jcl/5.1.6.RELEASE/spring-jcl-5.1.6.RELEASE.jar
7f95a8893000-7f95a88ab000 r--s 00124000 08:0b 6430897                    /home/luoji/.m2/repository/org/springframework/spring-core/5.1.6.RELEASE/spring-core-5.1.6.RELEASE.jar
7f95a88ab000-7f95a88c2000 r--s 0018d000 08:0b 6691478                    /home/luoji/.m2/repository/org/projectlombok/lombok/1.18.6/lombok-1.18.6.jar
7f95a88c2000-7f95a88c7000 r--s 00040000 08:0b 6430950                    /home/luoji/.m2/repository/org/springframework/spring-expression/5.1.6.RELEASE/spring-expression-5.1.6.RELEASE.jar
7f95a88c7000-7f95a88d1000 r--s 00051000 08:0b 6430879                    /home/luoji/.m2/repository/org/springframework/spring-aop/5.1.6.RELEASE/spring-aop-5.1.6.RELEASE.jar
7f95a88d1000-7f95a88e0000 r--s 000b5000 08:0b 6822937                    /home/luoji/.m2/repository/org/springframework/spring-webmvc/5.1.6.RELEASE/spring-webmvc-5.1.6.RELEASE.jar
7f95a88e0000-7f95a88ed000 r--s 00098000 08:0b 6430948                    /home/luoji/.m2/repository/org/springframework/spring-beans/5.1.6.RELEASE/spring-beans-5.1.6.RELEASE.jar
7f95a88ed000-7f95a8909000 r--s 00137000 08:0b 6822962                    /home/luoji/.m2/repository/org/springframework/spring-web/5.1.6.RELEASE/spring-web-5.1.6.RELEASE.jar
7f95a8909000-7f95a890b000 r--s 0000f000 08:0b 6822958                    /home/luoji/.m2/repository/com/fasterxml/classmate/1.4.0/classmate-1.4.0.jar
7f95a890b000-7f95a890d000 r--s 0000f000 08:0b 6822956                    /home/luoji/.m2/repository/org/jboss/logging/jboss-logging/3.3.2.Final/jboss-logging-3.3.2.Final.jar
7f95a890d000-7f95a8912000 r--s 00012000 08:0b 6822954                    /home/luoji/.m2/repository/javax/validation/validation-api/2.0.1.Final/validation-api-2.0.1.Final.jar
7f95a8912000-7f95a892f000 r--s 000fe000 08:0b 6822952                    /home/luoji/.m2/repository/org/hibernate/validator/hibernate-validator/6.0.16.Final/hibernate-validator-6.0.16.Final.jar
7f95a892f000-7f95a8934000 r--s 0003c000 08:0b 6822950                    /home/luoji/.m2/repository/org/apache/tomcat/embed/tomcat-embed-websocket/9.0.17/tomcat-embed-websocket-9.0.17.jar
7f95a8934000-7f95a8939000 r--s 00039000 08:0b 6822948                    /home/luoji/.m2/repository/org/apache/tomcat/embed/tomcat-embed-el/9.0.17/tomcat-embed-el-9.0.17.jar
7f95a8939000-7f95a8963000 r--s 002f9000 08:0b 6822946                    /home/luoji/.m2/repository/org/apache/tomcat/embed/tomcat-embed-core/9.0.17/tomcat-embed-core-9.0.17.jar
7f95a8963000-7f95a8964000 r--s 00000000 08:0b 6822944                    /home/luoji/.m2/repository/org/springframework/boot/spring-boot-starter-tomcat/2.1.4.RELEASE/spring-boot-starter-tomcat-2.1.4.RELEASE.jar
7f95a8964000-7f95a8966000 r--s 00001000 08:0b 6822942                    /home/luoji/.m2/repository/com/fasterxml/jackson/module/jackson-module-parameter-names/2.9.8/jackson-module-parameter-names-2.9.8.jar
7f95a8966000-7f95a8969000 r--s 00016000 08:0b 6822940                    /home/luoji/.m2/repository/com/fasterxml/jackson/datatype/jackson-datatype-jsr310/2.9.8/jackson-datatype-jsr310-2.9.8.jar
7f95a8969000-7f95a896b000 r--s 00007000 08:0b 6822938                    /home/luoji/.m2/repository/com/fasterxml/jackson/datatype/jackson-datatype-jdk8/2.9.8/jackson-datatype-jdk8-2.9.8.jar
7f95a896b000-7f95a896c000 r--s 00000000 08:0b 6822934                    /home/luoji/.m2/repository/org/springframework/boot/spring-boot-starter-json/2.1.4.RELEASE/spring-boot-starter-json-2.1.4.RELEASE.jar
7f95a896c000-7f95a896d000 r--s 00000000 08:0b 6691456                    /home/luoji/.m2/repository/org/springframework/boot/spring-boot-starter-web/2.1.4.RELEASE/spring-boot-starter-web-2.1.4.RELEASE.jar
7f95a896d000-7f95a896f000 r--s 00009000 08:0b 6430907                    /home/luoji/.m2/repository/org/slf4j/slf4j-api/1.7.26/slf4j-api-1.7.26.jar
7f95a896f000-7f95a8979000 r--s 00068000 08:0b 6691461                    /home/luoji/.m2/repository/io/netty/netty-transport/4.1.34.Final/netty-transport-4.1.34.Final.jar
7f95a8979000-7f95a897b000 r--s 00007000 08:0b 6691459                    /home/luoji/.m2/repository/io/netty/netty-resolver/4.1.34.Final/netty-resolver-4.1.34.Final.jar
7f95a897b000-7f95a8984000 r--s 00060000 08:0b 6691458                    /home/luoji/.m2/repository/io/netty/netty-handler/4.1.34.Final/netty-handler-4.1.34.Final.jar
7f95a8984000-7f95a8990000 r--s 00084000 08:0b 6691455                    /home/luoji/.m2/repository/io/netty/netty-common/4.1.34.Final/netty-common-4.1.34.Final.jar
7f95a8990000-7f95a899a000 r--s 00080000 08:0b 6691451                    /home/luoji/.m2/repository/io/netty/netty-codec-http/4.1.34.Final/netty-codec-http-4.1.34.Final.jar
7f95a899a000-7f95a89a0000 r--s 00048000 08:0b 6691417                    /home/luoji/.m2/repository/io/netty/netty-codec/4.1.34.Final/netty-codec-4.1.34.Final.jar
7f95a89a0000-7f95a89a3000 r--s 00041000 08:0b 6691449                    /home/luoji/.m2/repository/io/netty/netty-buffer/4.1.34.Final/netty-buffer-4.1.34.Final.jar
7f95a89a3000-7f95a89a5000 r--s 00013000 08:0b 6691447                    /home/luoji/.m2/repository/org/elasticsearch/plugin/transport-netty4-client/6.4.3/transport-netty4-client-6.4.3.jar
7f95a89a5000-7f95a89a8000 r--s 0000e000 08:0b 6691465                    /home/luoji/.m2/repository/com/fasterxml/jackson/core/jackson-annotations/2.9.0/jackson-annotations-2.9.0.jar
7f95a89a8000-7f95a89ba000 r--s 00137000 08:0b 6691445                    /home/luoji/.m2/repository/com/fasterxml/jackson/core/jackson-databind/2.9.8/jackson-databind-2.9.8.jar
7f95a89ba000-7f95a89be000 r--s 0004c000 08:0b 6430887                    /home/luoji/.m2/repository/com/fasterxml/jackson/core/jackson-core/2.9.8/jackson-core-2.9.8.jar
7f95a89be000-7f95a89c0000 r--s 00011000 08:0b 6691426                    /home/luoji/.m2/repository/org/elasticsearch/plugin/rank-eval-client/6.4.3/rank-eval-client-6.4.3.jar
7f95a89c0000-7f95a89c2000 r--s 00011000 08:0b 6691439                    /home/luoji/.m2/repository/org/elasticsearch/plugin/parent-join-client/6.4.3/parent-join-client-6.4.3.jar
7f95a89c2000-7f95a89c3000 r--s 00011000 08:0b 6691438                    /home/luoji/.m2/repository/org/elasticsearch/plugin/percolator-client/6.4.3/percolator-client-6.4.3.jar
7f95a89c3000-7f95a89c6000 r--s 00016000 08:0b 6691435                    /home/luoji/.m2/repository/com/github/spullara/mustache/java/compiler/0.9.3/compiler-0.9.3.jar
7f95a89c6000-7f95a89c8000 r--s 0000e000 08:0b 6691433                    /home/luoji/.m2/repository/org/elasticsearch/plugin/lang-mustache-client/6.4.3/lang-mustache-client-6.4.3.jar
7f95a89c8000-7f95a89cf000 r--s 0004b000 08:0b 6691431                    /home/luoji/.m2/repository/commons-codec/commons-codec/1.11/commons-codec-1.11.jar
7f95a89cf000-7f95a89d7000 r--s 00052000 08:0b 6691429                    /home/luoji/.m2/repository/org/apache/httpcomponents/httpcore-nio/4.4.11/httpcore-nio-4.4.11.jar
7f95a89d7000-7f95a89da000 r--s 00029000 08:0b 6691427                    /home/luoji/.m2/repository/org/apache/httpcomponents/httpasyncclient/4.1.4/httpasyncclient-4.1.4.jar
7f95a89da000-7f95a89e1000 r--s 00049000 08:0b 6691425                    /home/luoji/.m2/repository/org/apache/httpcomponents/httpcore/4.4.11/httpcore-4.4.11.jar
7f95a89e1000-7f95a89ee000 r--s 000b0000 08:0b 6691424                    /home/luoji/.m2/repository/org/apache/httpcomponents/httpclient/4.5.8/httpclient-4.5.8.jar
7f95a89ee000-7f95a89f0000 r--s 0000c000 08:0b 6691421                    /home/luoji/.m2/repository/org/elasticsearch/client/elasticsearch-rest-client/6.4.3/elasticsearch-rest-client-6.4.3.jar
7f95a89f0000-7f95a89f2000 r--s 00019000 08:0b 6691419                    /home/luoji/.m2/repository/org/elasticsearch/plugin/reindex-client/6.4.3/reindex-client-6.4.3.jar
7f95a89f2000-7f95a89f6000 r--s 000d5000 08:0b 6691415                    /home/luoji/.m2/repository/org/elasticsearch/jna/4.5.1/jna-4.5.1.jar
7f95a89f6000-7f95a89f8000 r--s 0001a000 08:0b 6691413                    /home/luoji/.m2/repository/org/hdrhistogram/HdrHistogram/2.1.9/HdrHistogram-2.1.9.jar
7f95a89f8000-7f95a89fa000 r--s 0000b000 08:0b 6691400                    /home/luoji/.m2/repository/com/tdunning/t-digest/3.2/t-digest-3.2.jar
7f95a89fa000-7f95a8a11000 r--s 00100000 08:0b 6691409                    /home/luoji/.m2/repository/com/carrotsearch/hppc/0.7.1/hppc-0.7.1.jar
7f95a8a11000-7f95a8a14000 r--s 00011000 08:0b 6691407                    /home/luoji/.m2/repository/net/sf/jopt-simple/jopt-simple/5.0.2/jopt-simple-5.0.2.jar
7f95a8a14000-7f95a8a15000 r--s 00003000 08:0b 6691405                    /home/luoji/.m2/repository/org/elasticsearch/elasticsearch-cli/6.4.3/elasticsearch-cli-6.4.3.jar
7f95a8a15000-7f95a8a1a000 r--s 00038000 08:0b 6691403                    /home/luoji/.m2/repository/org/apache/lucene/lucene-suggest/7.4.0/lucene-suggest-7.4.0.jar
7f95a8a1a000-7f95a8a1f000 r--s 00045000 08:0b 6691401                    /home/luoji/.m2/repository/org/apache/lucene/lucene-spatial3d/7.4.0/lucene-spatial3d-7.4.0.jar
7f95a8a1f000-7f95a8a24000 r--s 00035000 08:0b 6691396                    /home/luoji/.m2/repository/org/apache/lucene/lucene-spatial-extras/7.4.0/lucene-spatial-extras-7.4.0.jar
7f95a8a24000-7f95a8a25000 r--s 00003000 08:0b 6691397                    /home/luoji/.m2/repository/org/apache/lucene/lucene-spatial/7.4.0/lucene-spatial-7.4.0.jar
7f95a8a25000-7f95a8a2a000 r--s 00036000 08:0b 6691392                    /home/luoji/.m2/repository/org/apache/lucene/lucene-sandbox/7.4.0/lucene-sandbox-7.4.0.jar
7f95a8a2a000-7f95a8a34000 r--s 00054000 08:0b 6691393                    /home/luoji/.m2/repository/org/apache/lucene/lucene-queryparser/7.4.0/lucene-queryparser-7.4.0.jar
7f95a8a34000-7f95a8a3b000 r--s 0003a000 08:0b 6691391                    /home/luoji/.m2/repository/org/apache/lucene/lucene-queries/7.4.0/lucene-queries-7.4.0.jar
7f95a8a3b000-7f95a8a3e000 r--s 00014000 08:0b 6691389                    /home/luoji/.m2/repository/org/apache/lucene/lucene-misc/7.4.0/lucene-misc-7.4.0.jar
7f95a8a3e000-7f95a8a40000 r--s 0000a000 08:0b 6430943                    /home/luoji/.m2/repository/org/apache/lucene/lucene-memory/7.4.0/lucene-memory-7.4.0.jar
7f95a8a40000-7f95a8a44000 r--s 00020000 08:0b 6430940                    /home/luoji/.m2/repository/org/apache/lucene/lucene-join/7.4.0/lucene-join-7.4.0.jar
7f95a8a44000-7f95a8a48000 r--s 0002c000 08:0b 6430938                    /home/luoji/.m2/repository/org/apache/lucene/lucene-highlighter/7.4.0/lucene-highlighter-7.4.0.jar
7f95a8a48000-7f95a8a4b000 r--s 00013000 08:0b 6430936                    /home/luoji/.m2/repository/org/apache/lucene/lucene-grouping/7.4.0/lucene-grouping-7.4.0.jar
7f95a8a4b000-7f95a8a4e000 r--s 00016000 08:0b 6430934                    /home/luoji/.m2/repository/org/apache/lucene/lucene-backward-codecs/7.4.0/lucene-backward-codecs-7.4.0.jar
7f95a8a4e000-7f95a8a60000 r--s 00182000 08:0b 6430933                    /home/luoji/.m2/repository/org/apache/lucene/lucene-analyzers-common/7.4.0/lucene-analyzers-common-7.4.0.jar
7f95a8a60000-7f95a8a90000 r--s 0029b000 08:0b 6430930                    /home/luoji/.m2/repository/org/apache/lucene/lucene-core/7.4.0/lucene-core-7.4.0.jar
7f95a8a90000-7f95a8a92000 r--s 0000b000 08:0b 6430928                    /home/luoji/.m2/repository/com/fasterxml/jackson/dataformat/jackson-dataformat-cbor/2.9.8/jackson-dataformat-cbor-2.9.8.jar
7f95a8a92000-7f95a8a94000 r--s 00009000 08:0b 6430905                    /home/luoji/.m2/repository/com/fasterxml/jackson/dataformat/jackson-dataformat-yaml/2.9.8/jackson-dataformat-yaml-2.9.8.jar
7f95a8a94000-7f95a8a96000 r--s 00013000 08:0b 6430891                    /home/luoji/.m2/repository/com/fasterxml/jackson/dataformat/jackson-dataformat-smile/2.9.8/jackson-dataformat-smile-2.9.8.jar
7f95a8a96000-7f95a8a99000 r--s 00019000 08:0b 6430923                    /home/luoji/.m2/repository/org/elasticsearch/elasticsearch-x-content/6.4.3/elasticsearch-x-content-6.4.3.jar
7f95a8a99000-7f95a8a9b000 r--s 00007000 08:0b 6430944                    /home/luoji/.m2/repository/org/elasticsearch/elasticsearch-core/6.4.3/elasticsearch-core-6.4.3.jar
7f95a8a9b000-7f95a8b3b000 r--s 00917000 08:0b 6430916                    /home/luoji/.m2/repository/org/elasticsearch/elasticsearch/6.4.3/elasticsearch-6.4.3.jar
7f95a8b3b000-7f95a8b4c000 r--s 0008c000 08:0b 6430924                    /home/luoji/.m2/repository/joda-time/joda-time/2.10.1/joda-time-2.10.1.jar
7f95a8b4c000-7f95a8b64000 r--s 00106000 08:0b 6430912                    /home/luoji/.m2/repository/org/springframework/data/spring-data-commons/2.1.6.RELEASE/spring-data-commons-2.1.6.RELEASE.jar
7f95a8b64000-7f95a8b6c000 r--s 00037000 08:0b 6430911                    /home/luoji/.m2/repository/org/springframework/spring-tx/5.1.6.RELEASE/spring-tx-5.1.6.RELEASE.jar
7f95a8b6c000-7f95a8b86000 r--s 000f3000 08:0b 6430894                    /home/luoji/.m2/repository/org/springframework/spring-context/5.1.6.RELEASE/spring-context-5.1.6.RELEASE.jar
7f95a8b86000-7f95a8b8c000 r--s 00033000 08:0b 6430886                    /home/luoji/.m2/repository/org/springframework/data/spring-data-elasticsearch/3.1.6.RELEASE/spring-data-elasticsearch-3.1.6.RELEASE.jar
7f95a8b8c000-7f95a8b93000 r--s 00043000 08:0b 6430918                    /home/luoji/.m2/repository/org/yaml/snakeyaml/1.23/snakeyaml-1.23.jar
7f95a8b93000-7f95a8b95000 r--s 00005000 08:0b 6430914                    /home/luoji/.m2/repository/javax/annotation/javax.annotation-api/1.3.2/javax.annotation-api-1.3.2.jar
7f95a8b95000-7f95a8b97000 r--s 00000000 08:0b 6430882                    /home/luoji/.m2/repository/org/slf4j/jul-to-slf4j/1.7.26/jul-to-slf4j-1.7.26.jar
7f95a8b97000-7f95a8ba2000 r--s 00069000 08:0b 6430884                    /home/luoji/.m2/repository/ch/qos/logback/logback-core/1.2.3/logback-core-1.2.3.jar
7f95a8ba2000-7f95a8bc6000 r--s 00111000 08:0b 6430900                    /home/luoji/.m2/repository/org/springframework/boot/spring-boot-autoconfigure/2.1.4.RELEASE/spring-boot-autoconfigure-2.1.4.RELEASE.jar
7f95a8bc6000-7f95a8bd7000 r-xp 00000000 08:0b 7752794                    /opt/jdk1.8.0_201/jre/lib/amd64/libnio.so
7f95a8bd7000-7f95a8dd6000 ---p 00011000 08:0b 7752794                    /opt/jdk1.8.0_201/jre/lib/amd64/libnio.so
7f95a8dd6000-7f95a8dd7000 r--p 00010000 08:0b 7752794                    /opt/jdk1.8.0_201/jre/lib/amd64/libnio.so
7f95a8dd7000-7f95a8dd8000 rw-p 00011000 08:0b 7752794                    /opt/jdk1.8.0_201/jre/lib/amd64/libnio.so
7f95a8dd8000-7f95a8dee000 r-xp 00000000 08:0b 7752791                    /opt/jdk1.8.0_201/jre/lib/amd64/libnet.so
7f95a8dee000-7f95a8fee000 ---p 00016000 08:0b 7752791                    /opt/jdk1.8.0_201/jre/lib/amd64/libnet.so
7f95a8fee000-7f95a8fef000 r--p 00016000 08:0b 7752791                    /opt/jdk1.8.0_201/jre/lib/amd64/libnet.so
7f95a8fef000-7f95a8ff0000 rw-p 00017000 08:0b 7752791                    /opt/jdk1.8.0_201/jre/lib/amd64/libnet.so
7f95a8ff0000-7f95a8ff9000 r-xp 00000000 08:0b 7752799                    /opt/jdk1.8.0_201/jre/lib/amd64/libmanagement.so
7f95a8ff9000-7f95a91f8000 ---p 00009000 08:0b 7752799                    /opt/jdk1.8.0_201/jre/lib/amd64/libmanagement.so
7f95a91f8000-7f95a91f9000 r--p 00008000 08:0b 7752799                    /opt/jdk1.8.0_201/jre/lib/amd64/libmanagement.so
7f95a91f9000-7f95a91fa000 rw-p 00009000 08:0b 7752799                    /opt/jdk1.8.0_201/jre/lib/amd64/libmanagement.so
7f95a91fa000-7f95a91fd000 ---p 00000000 00:00 0 
7f95a91fd000-7f95a92fb000 rw-p 00000000 00:00 0 
7f95a92fb000-7f95a92fc000 ---p 00000000 00:00 0 
7f95a92fc000-7f95a92ff000 ---p 00000000 00:00 0 
7f95a92ff000-7f95a93fc000 rw-p 00000000 00:00 0 
7f95a93fc000-7f95a93fd000 ---p 00000000 00:00 0 
7f95a93fd000-7f95a9400000 ---p 00000000 00:00 0 
7f95a9400000-7f95a94fd000 rw-p 00000000 00:00 0 
7f95a94fd000-7f95a94fe000 ---p 00000000 00:00 0 
7f95a94fe000-7f95a9501000 ---p 00000000 00:00 0 
7f95a9501000-7f95a95fe000 rw-p 00000000 00:00 0 
7f95a95fe000-7f95a9601000 ---p 00000000 00:00 0 
7f95a9601000-7f95a96ff000 rw-p 00000000 00:00 0 
7f95a96ff000-7f95aa0ce000 r--p 00000000 08:0b 6167209                    /usr/lib/locale/locale-archive
7f95aa0ce000-7f95aa0d1000 ---p 00000000 00:00 0 
7f95aa0d1000-7f95aa1cf000 rw-p 00000000 00:00 0 
7f95aa1cf000-7f95aa1d2000 ---p 00000000 00:00 0 
7f95aa1d2000-7f95ac000000 rw-p 00000000 00:00 0 
7f95ac000000-7f95ac021000 rw-p 00000000 00:00 0 
7f95ac021000-7f95b0000000 ---p 00000000 00:00 0 
7f95b0000000-7f95b0006000 r--s 0003c000 08:0b 6430946                    /home/luoji/.m2/repository/org/apache/logging/log4j/log4j-api/2.11.2/log4j-api-2.11.2.jar
7f95b0006000-7f95b001b000 r--s 000d4000 08:0b 6298760                    /home/luoji/.m2/repository/org/springframework/boot/spring-boot/2.1.4.RELEASE/spring-boot-2.1.4.RELEASE.jar
7f95b001b000-7f95b004c000 rw-p 00000000 00:00 0 
7f95b004c000-7f95b004d000 ---p 00000000 00:00 0 
7f95b004d000-7f95b1000000 rw-p 00000000 00:00 0 
7f95b1000000-7f95b1790000 rwxp 00000000 00:00 0 
7f95b1790000-7f95c0000000 ---p 00000000 00:00 0 
7f95c0000000-7f95c138a000 rw-p 00000000 00:00 0 
7f95c138a000-7f95c4000000 ---p 00000000 00:00 0 
7f95c4000000-7f95c4001000 r--s 00002000 08:0b 6430920                    /home/luoji/.m2/repository/org/elasticsearch/elasticsearch-secure-sm/6.4.3/elasticsearch-secure-sm-6.4.3.jar
7f95c4001000-7f95c4102000 rw-p 00000000 00:00 0 
7f95c4102000-7f95c42dc000 r--s 03d6f000 08:0b 7348533                    /opt/jdk1.8.0_201/jre/lib/rt.jar
7f95c42dc000-7f95c4d25000 rw-p 00000000 00:00 0 
7f95c4d25000-7f95c4d26000 ---p 00000000 00:00 0 
7f95c4d26000-7f95c4e26000 rw-p 00000000 00:00 0 
7f95c4e26000-7f95c4e27000 ---p 00000000 00:00 0 
7f95c4e27000-7f95c4f27000 rw-p 00000000 00:00 0 
7f95c4f27000-7f95c4f28000 ---p 00000000 00:00 0 
7f95c4f28000-7f95c5028000 rw-p 00000000 00:00 0 
7f95c5028000-7f95c5029000 ---p 00000000 00:00 0 
7f95c5029000-7f95c518a000 rw-p 00000000 00:00 0 
7f95c518a000-7f95c5261000 ---p 00000000 00:00 0 
7f95c5261000-7f95c52c2000 rw-p 00000000 00:00 0 
7f95c52c2000-7f95c5398000 ---p 00000000 00:00 0 
7f95c5398000-7f95c5411000 rw-p 00000000 00:00 0 
7f95c5411000-7f95c5434000 ---p 00000000 00:00 0 
7f95c5434000-7f95c5454000 rw-p 00000000 00:00 0 
7f95c5454000-7f95c57f5000 ---p 00000000 00:00 0 
7f95c57f5000-7f95c5810000 r-xp 00000000 08:0b 7752787                    /opt/jdk1.8.0_201/jre/lib/amd64/libzip.so
7f95c5810000-7f95c5a0f000 ---p 0001b000 08:0b 7752787                    /opt/jdk1.8.0_201/jre/lib/amd64/libzip.so
7f95c5a0f000-7f95c5a10000 r--p 0001a000 08:0b 7752787                    /opt/jdk1.8.0_201/jre/lib/amd64/libzip.so
7f95c5a10000-7f95c5a11000 rw-p 0001b000 08:0b 7752787                    /opt/jdk1.8.0_201/jre/lib/amd64/libzip.so
7f95c5a11000-7f95c5a1c000 r-xp 00000000 08:0b 7344917                    /lib/x86_64-linux-gnu/libnss_files-2.27.so
7f95c5a1c000-7f95c5c1b000 ---p 0000b000 08:0b 7344917                    /lib/x86_64-linux-gnu/libnss_files-2.27.so
7f95c5c1b000-7f95c5c1c000 r--p 0000a000 08:0b 7344917                    /lib/x86_64-linux-gnu/libnss_files-2.27.so
7f95c5c1c000-7f95c5c1d000 rw-p 0000b000 08:0b 7344917                    /lib/x86_64-linux-gnu/libnss_files-2.27.so
7f95c5c1d000-7f95c5c23000 rw-p 00000000 00:00 0 
7f95c5c23000-7f95c5c3a000 r-xp 00000000 08:0b 7344911                    /lib/x86_64-linux-gnu/libnsl-2.27.so
7f95c5c3a000-7f95c5e39000 ---p 00017000 08:0b 7344911                    /lib/x86_64-linux-gnu/libnsl-2.27.so
7f95c5e39000-7f95c5e3a000 r--p 00016000 08:0b 7344911                    /lib/x86_64-linux-gnu/libnsl-2.27.so
7f95c5e3a000-7f95c5e3b000 rw-p 00017000 08:0b 7344911                    /lib/x86_64-linux-gnu/libnsl-2.27.so
7f95c5e3b000-7f95c5e3d000 rw-p 00000000 00:00 0 
7f95c5e3d000-7f95c5e48000 r-xp 00000000 08:0b 7344928                    /lib/x86_64-linux-gnu/libnss_nis-2.27.so
7f95c5e48000-7f95c6047000 ---p 0000b000 08:0b 7344928                    /lib/x86_64-linux-gnu/libnss_nis-2.27.so
7f95c6047000-7f95c6048000 r--p 0000a000 08:0b 7344928                    /lib/x86_64-linux-gnu/libnss_nis-2.27.so
7f95c6048000-7f95c6049000 rw-p 0000b000 08:0b 7344928                    /lib/x86_64-linux-gnu/libnss_nis-2.27.so
7f95c6049000-7f95c6051000 r-xp 00000000 08:0b 7344913                    /lib/x86_64-linux-gnu/libnss_compat-2.27.so
7f95c6051000-7f95c6251000 ---p 00008000 08:0b 7344913                    /lib/x86_64-linux-gnu/libnss_compat-2.27.so
7f95c6251000-7f95c6252000 r--p 00008000 08:0b 7344913                    /lib/x86_64-linux-gnu/libnss_compat-2.27.so
7f95c6252000-7f95c6253000 rw-p 00009000 08:0b 7344913                    /lib/x86_64-linux-gnu/libnss_compat-2.27.so
7f95c6253000-7f95c627f000 r-xp 00000000 08:0b 7752781                    /opt/jdk1.8.0_201/jre/lib/amd64/libjava.so
7f95c627f000-7f95c647f000 ---p 0002c000 08:0b 7752781                    /opt/jdk1.8.0_201/jre/lib/amd64/libjava.so
7f95c647f000-7f95c6480000 r--p 0002c000 08:0b 7752781                    /opt/jdk1.8.0_201/jre/lib/amd64/libjava.so
7f95c6480000-7f95c6482000 rw-p 0002d000 08:0b 7752781                    /opt/jdk1.8.0_201/jre/lib/amd64/libjava.so
7f95c6482000-7f95c648f000 r-xp 00000000 08:0b 7752786                    /opt/jdk1.8.0_201/jre/lib/amd64/libverify.so
7f95c648f000-7f95c668e000 ---p 0000d000 08:0b 7752786                    /opt/jdk1.8.0_201/jre/lib/amd64/libverify.so
7f95c668e000-7f95c6690000 r--p 0000c000 08:0b 7752786                    /opt/jdk1.8.0_201/jre/lib/amd64/libverify.so
7f95c6690000-7f95c6691000 rw-p 0000e000 08:0b 7752786                    /opt/jdk1.8.0_201/jre/lib/amd64/libverify.so
7f95c6691000-7f95c6698000 r-xp 00000000 08:0b 7344968                    /lib/x86_64-linux-gnu/librt-2.27.so
7f95c6698000-7f95c6897000 ---p 00007000 08:0b 7344968                    /lib/x86_64-linux-gnu/librt-2.27.so
7f95c6897000-7f95c6898000 r--p 00006000 08:0b 7344968                    /lib/x86_64-linux-gnu/librt-2.27.so
7f95c6898000-7f95c6899000 rw-p 00007000 08:0b 7344968                    /lib/x86_64-linux-gnu/librt-2.27.so
7f95c6899000-7f95c6a36000 r-xp 00000000 08:0b 7344890                    /lib/x86_64-linux-gnu/libm-2.27.so
7f95c6a36000-7f95c6c35000 ---p 0019d000 08:0b 7344890                    /lib/x86_64-linux-gnu/libm-2.27.so
7f95c6c35000-7f95c6c36000 r--p 0019c000 08:0b 7344890                    /lib/x86_64-linux-gnu/libm-2.27.so
7f95c6c36000-7f95c6c37000 rw-p 0019d000 08:0b 7344890                    /lib/x86_64-linux-gnu/libm-2.27.so
7f95c6c37000-7f95c791f000 r-xp 00000000 08:0b 7752763                    /opt/jdk1.8.0_201/jre/lib/amd64/server/libjvm.so
7f95c791f000-7f95c7b1e000 ---p 00ce8000 08:0b 7752763                    /opt/jdk1.8.0_201/jre/lib/amd64/server/libjvm.so
7f95c7b1e000-7f95c7bb4000 r--p 00ce7000 08:0b 7752763                    /opt/jdk1.8.0_201/jre/lib/amd64/server/libjvm.so
7f95c7bb4000-7f95c7be5000 rw-p 00d7d000 08:0b 7752763                    /opt/jdk1.8.0_201/jre/lib/amd64/server/libjvm.so
7f95c7be5000-7f95c7c20000 rw-p 00000000 00:00 0 
7f95c7c20000-7f95c7e07000 r-xp 00000000 08:0b 7344827                    /lib/x86_64-linux-gnu/libc-2.27.so
7f95c7e07000-7f95c8007000 ---p 001e7000 08:0b 7344827                    /lib/x86_64-linux-gnu/libc-2.27.so
7f95c8007000-7f95c800b000 r--p 001e7000 08:0b 7344827                    /lib/x86_64-linux-gnu/libc-2.27.so
7f95c800b000-7f95c800d000 rw-p 001eb000 08:0b 7344827                    /lib/x86_64-linux-gnu/libc-2.27.so
7f95c800d000-7f95c8011000 rw-p 00000000 00:00 0 
7f95c8011000-7f95c8014000 r-xp 00000000 08:0b 7344850                    /lib/x86_64-linux-gnu/libdl-2.27.so
7f95c8014000-7f95c8213000 ---p 00003000 08:0b 7344850                    /lib/x86_64-linux-gnu/libdl-2.27.so
7f95c8213000-7f95c8214000 r--p 00002000 08:0b 7344850                    /lib/x86_64-linux-gnu/libdl-2.27.so
7f95c8214000-7f95c8215000 rw-p 00003000 08:0b 7344850                    /lib/x86_64-linux-gnu/libdl-2.27.so
7f95c8215000-7f95c822c000 r-xp 00000000 08:0b 6691056                    /opt/jdk1.8.0_201/lib/amd64/jli/libjli.so
7f95c822c000-7f95c842b000 ---p 00017000 08:0b 6691056                    /opt/jdk1.8.0_201/lib/amd64/jli/libjli.so
7f95c842b000-7f95c842c000 r--p 00016000 08:0b 6691056                    /opt/jdk1.8.0_201/lib/amd64/jli/libjli.so
7f95c842c000-7f95c842d000 rw-p 00017000 08:0b 6691056                    /opt/jdk1.8.0_201/lib/amd64/jli/libjli.so
7f95c842d000-7f95c8447000 r-xp 00000000 08:0b 7344960                    /lib/x86_64-linux-gnu/libpthread-2.27.so
7f95c8447000-7f95c8646000 ---p 0001a000 08:0b 7344960                    /lib/x86_64-linux-gnu/libpthread-2.27.so
7f95c8646000-7f95c8647000 r--p 00019000 08:0b 7344960                    /lib/x86_64-linux-gnu/libpthread-2.27.so
7f95c8647000-7f95c8648000 rw-p 0001a000 08:0b 7344960                    /lib/x86_64-linux-gnu/libpthread-2.27.so
7f95c8648000-7f95c864c000 rw-p 00000000 00:00 0 
7f95c864c000-7f95c8673000 r-xp 00000000 08:0b 7344799                    /lib/x86_64-linux-gnu/ld-2.27.so
7f95c8673000-7f95c8675000 r--s 00003000 08:0b 6430888                    /home/luoji/.m2/repository/org/apache/logging/log4j/log4j-to-slf4j/2.11.2/log4j-to-slf4j-2.11.2.jar
7f95c8675000-7f95c875a000 rw-p 00000000 00:00 0 
7f95c875a000-7f95c875b000 ---p 00000000 00:00 0 
7f95c875b000-7f95c875e000 ---p 00000000 00:00 0 
7f95c875e000-7f95c885f000 rw-p 00000000 00:00 0 
7f95c885f000-7f95c8860000 r--s 00001000 08:0b 6430906                    /home/luoji/.m2/repository/org/elasticsearch/client/transport/6.4.3/transport-6.4.3.jar
7f95c8860000-7f95c8866000 r--s 00041000 08:0b 6430883                    /home/luoji/.m2/repository/ch/qos/logback/logback-classic/1.2.3/logback-classic-1.2.3.jar
7f95c8866000-7f95c8867000 r--s 00000000 08:0b 6430880                    /home/luoji/.m2/repository/org/springframework/boot/spring-boot-starter-logging/2.1.4.RELEASE/spring-boot-starter-logging-2.1.4.RELEASE.jar
7f95c8867000-7f95c8868000 r--s 00000000 08:0b 6298936                    /home/luoji/.m2/repository/org/springframework/boot/spring-boot-starter/2.1.4.RELEASE/spring-boot-starter-2.1.4.RELEASE.jar
7f95c8868000-7f95c8869000 r--s 00000000 08:0b 6298930                    /home/luoji/.m2/repository/org/springframework/boot/spring-boot-starter-data-elasticsearch/2.1.4.RELEASE/spring-boot-starter-data-elasticsearch-2.1.4.RELEASE.jar
7f95c8869000-7f95c8871000 rw-s 00000000 08:0b 1969976                    /tmp/hsperfdata_luoji/5285
7f95c8871000-7f95c8872000 rw-p 00000000 00:00 0 
7f95c8872000-7f95c8873000 ---p 00000000 00:00 0 
7f95c8873000-7f95c8874000 r--p 00027000 08:0b 7344799                    /lib/x86_64-linux-gnu/ld-2.27.so
7f95c8874000-7f95c8875000 rw-p 00028000 08:0b 7344799                    /lib/x86_64-linux-gnu/ld-2.27.so
7f95c8875000-7f95c8876000 rw-p 00000000 00:00 0 
7ffeadf18000-7ffeadf3b000 rw-p 00000000 00:00 0                          [stack]
7ffeadfb5000-7ffeadfb8000 r--p 00000000 00:00 0                          [vvar]
7ffeadfb8000-7ffeadfba000 r-xp 00000000 00:00 0                          [vdso]
ffffffffff600000-ffffffffff601000 r-xp 00000000 00:00 0                  [vsyscall]

VM Arguments:
jvm_args: -Dcom.sun.management.jmxremote -Dcom.sun.management.jmxremote.port=45485 -Dcom.sun.management.jmxremote.authenticate=false -Dcom.sun.management.jmxremote.ssl=false -Djava.rmi.server.hostname=localhost -Dspring.jmx.enabled=true -Dspring.application.admin.enabled=true -Djava.security.egd=file:/dev/./urandom -Xverify:none -XX:TieredStopAtLevel=1 -Dfile.encoding=UTF-8 
java_command: com.example.elasticsearch.SimpleElasticsearchApplication
java_class_path (initial): /home/luoji/eclipse-workspace/simple-elasticsearch/target/classes:/home/luoji/.m2/repository/org/springframework/boot/spring-boot-starter-data-elasticsearch/2.1.4.RELEASE/spring-boot-starter-data-elasticsearch-2.1.4.RELEASE.jar:/home/luoji/.m2/repository/org/springframework/boot/spring-boot-starter/2.1.4.RELEASE/spring-boot-starter-2.1.4.RELEASE.jar:/home/luoji/.m2/repository/org/springframework/boot/spring-boot/2.1.4.RELEASE/spring-boot-2.1.4.RELEASE.jar:/home/luoji/.m2/repository/org/springframework/boot/spring-boot-autoconfigure/2.1.4.RELEASE/spring-boot-autoconfigure-2.1.4.RELEASE.jar:/home/luoji/.m2/repository/org/springframework/boot/spring-boot-starter-logging/2.1.4.RELEASE/spring-boot-starter-logging-2.1.4.RELEASE.jar:/home/luoji/.m2/repository/ch/qos/logback/logback-classic/1.2.3/logback-classic-1.2.3.jar:/home/luoji/.m2/repository/ch/qos/logback/logback-core/1.2.3/logback-core-1.2.3.jar:/home/luoji/.m2/repository/org/apache/logging/log4j/log4j-to-slf4j/2.11.2/log4j-to-slf4j-2.11.2.jar:/home/luoji/.m2/repository/org/apache/logging/log4j/log4j-api/2.11.2/log4j-api-2.11.2.jar:/home/luoji/.m2/repository/org/slf4j/jul-to-slf4j/1.7.26/jul-to-slf4j-1.7.26.jar:/home/luoji/.m2/repository/javax/annotation/javax.annotation-api/1.3.2/javax.annotation-api-1.3.2.jar:/home/luoji/.m2/repository/org/yaml/snakeyaml/1.23/snakeyaml-1.23.jar:/home/luoji/.m2/repository/org/springframework/data/spring-data-elasticsearch/3.1.6.RELEASE/spring-data-elasticsearch-3.1.6.RELEASE.jar:/home/luoji/.m2/repository/org/springframework/spring-context/5.1.6.RELEASE/spring-context-5.1.6.RELEASE.jar:/home/luoji/.m2/repository/org/springframework/spring-tx/5.1.6.RELEASE/spring-tx-5.1.6.RELEASE.jar:/home/luoji/.m2/repository/org/springframework/data/spring-data-commons/2.1.6.RELEASE/spring-data-commons-2.1.6.RELEASE.jar:/home/luoji/.m2/repository/joda-time/joda-time/2.10.1/joda-time-2.10.1.jar:/home/luoji/.m2/repository/org/elasticsearch/client/transport/6.4.3/transpo
Launcher Type: SUN_STANDARD

Environment Variables:
PATH=/home/luoji/.local/bin:/usr/local/sbin:/usr/local/bin:/usr/sbin:/usr/bin:/sbin:/bin:/usr/games:/usr/local/games:/snap/bin
USERNAME=luoji
SHELL=/bin/bash
DISPLAY=:0

Signal Handlers:
SIGSEGV: [libjvm.so+0xad3e60], sa_mask[0]=11111111011111111101111111111110, sa_flags=SA_RESTART|SA_SIGINFO
SIGBUS: [libjvm.so+0xad3e60], sa_mask[0]=11111111011111111101111111111110, sa_flags=SA_RESTART|SA_SIGINFO
SIGFPE: [libjvm.so+0x90b880], sa_mask[0]=11111111011111111101111111111110, sa_flags=SA_RESTART|SA_SIGINFO
SIGPIPE: [libjvm.so+0x90b880], sa_mask[0]=11111111011111111101111111111110, sa_flags=SA_RESTART|SA_SIGINFO
SIGXFSZ: [libjvm.so+0x90b880], sa_mask[0]=11111111011111111101111111111110, sa_flags=SA_RESTART|SA_SIGINFO
SIGILL: [libjvm.so+0x90b880], sa_mask[0]=11111111011111111101111111111110, sa_flags=SA_RESTART|SA_SIGINFO
SIGUSR1: SIG_DFL, sa_mask[0]=00000000000000000000000000000000, sa_flags=none
SIGUSR2: [libjvm.so+0x90b750], sa_mask[0]=00100000000000000000000000000000, sa_flags=SA_RESTART|SA_SIGINFO
SIGHUP: [libjvm.so+0x90bd70], sa_mask[0]=11111111011111111101111111111110, sa_flags=SA_RESTART|SA_SIGINFO
SIGINT: [libjvm.so+0x90bd70], sa_mask[0]=11111111011111111101111111111110, sa_flags=SA_RESTART|SA_SIGINFO
SIGTERM: [libjvm.so+0x90bd70], sa_mask[0]=11111111011111111101111111111110, sa_flags=SA_RESTART|SA_SIGINFO
SIGQUIT: [libjvm.so+0x90bd70], sa_mask[0]=11111111011111111101111111111110, sa_flags=SA_RESTART|SA_SIGINFO


---------------  S Y S T E M  ---------------

OS:DISTRIB_ID=Ubuntu
DISTRIB_RELEASE=18.04
DISTRIB_CODENAME=bionic
DISTRIB_DESCRIPTION="Ubuntu 18.04.1 LTS"

uname:Linux 4.15.0-47-generic #50-Ubuntu SMP Wed Mar 13 10:44:52 UTC 2019 x86_64
libc:glibc 2.27 NPTL 2.27 
rlimit: STACK 8192k, CORE 0k, NPROC 14456, NOFILE 4096, AS infinity
load average:32.55 11.99 5.75

/proc/meminfo:
MemTotal:        3817968 kB
MemFree:          112752 kB
MemAvailable:      18912 kB
Buffers:             648 kB
Cached:           208136 kB
SwapCached:         7068 kB
Active:          2853640 kB
Inactive:         581104 kB
Active(anon):    2843652 kB
Inactive(anon):   568828 kB
Active(file):       9988 kB
Inactive(file):    12276 kB
Unevictable:          48 kB
Mlocked:              48 kB
SwapTotal:       2097148 kB
SwapFree:              0 kB
Dirty:               272 kB
Writeback:            84 kB
AnonPages:       3219668 kB
Mapped:            66232 kB
Shmem:            186308 kB
Slab:              99188 kB
SReclaimable:      36104 kB
SUnreclaim:        63084 kB
KernelStack:       18896 kB
PageTables:        71620 kB
NFS_Unstable:          0 kB
Bounce:                0 kB
WritebackTmp:          0 kB
CommitLimit:     4006132 kB
Committed_AS:   11926436 kB
VmallocTotal:   34359738367 kB
VmallocUsed:           0 kB
VmallocChunk:          0 kB
HardwareCorrupted:     0 kB
AnonHugePages:         0 kB
ShmemHugePages:        0 kB
ShmemPmdMapped:        0 kB
CmaTotal:              0 kB
CmaFree:               0 kB
HugePages_Total:       0
HugePages_Free:        0
HugePages_Rsvd:        0
HugePages_Surp:        0
Hugepagesize:       2048 kB
DirectMap4k:      192120 kB
DirectMap2M:     3778560 kB
DirectMap1G:           0 kB

container (cgroup) information:
container_type: cgroupv1
cpu_cpuset_cpus: 0-3
cpu_memory_nodes: 0
active_processor_count: 4
cpu_quota: -1
cpu_period: 100000
cpu_shares: -1
memory_limit_in_bytes: -1
memory_and_swap_limit_in_bytes: -2
memory_soft_limit_in_bytes: -1
memory_usage_in_bytes: 3513516032
memory_max_usage_in_bytes: 0


CPU:total 4 (initial active 4) (2 cores per cpu, 2 threads per core) family 6 model 142 stepping 9, cmov, cx8, fxsr, mmx, sse, sse2, sse3, ssse3, sse4.1, sse4.2, popcnt, avx, avx2, aes, clmul, erms, 3dnowpref, lzcnt, ht, tsc, tscinvbit, bmi1, bmi2, adx

/proc/cpuinfo:
processor	: 0
vendor_id	: GenuineIntel
cpu family	: 6
model		: 142
model name	: Intel(R) Core(TM) i5-7200U CPU @ 2.50GHz
stepping	: 9
microcode	: 0x8e
cpu MHz		: 700.017
cache size	: 3072 KB
physical id	: 0
siblings	: 4
core id		: 0
cpu cores	: 2
apicid		: 0
initial apicid	: 0
fpu		: yes
fpu_exception	: yes
cpuid level	: 22
wp		: yes
flags		: fpu vme de pse tsc msr pae mce cx8 apic sep mtrr pge mca cmov pat pse36 clflush dts acpi mmx fxsr sse sse2 ss ht tm pbe syscall nx pdpe1gb rdtscp lm constant_tsc art arch_perfmon pebs bts rep_good nopl xtopology nonstop_tsc cpuid aperfmperf tsc_known_freq pni pclmulqdq dtes64 monitor ds_cpl vmx est tm2 ssse3 sdbg fma cx16 xtpr pdcm pcid sse4_1 sse4_2 x2apic movbe popcnt tsc_deadline_timer aes xsave avx f16c rdrand lahf_lm abm 3dnowprefetch cpuid_fault epb invpcid_single pti ssbd ibrs ibpb stibp tpr_shadow vnmi flexpriority ept vpid fsgsbase tsc_adjust bmi1 avx2 smep bmi2 erms invpcid mpx rdseed adx smap clflushopt intel_pt xsaveopt xsavec xgetbv1 xsaves dtherm ida arat pln pts hwp hwp_notify hwp_act_window hwp_epp flush_l1d
bugs		: cpu_meltdown spectre_v1 spectre_v2 spec_store_bypass l1tf
bogomips	: 5424.00
clflush size	: 64
cache_alignment	: 64
address sizes	: 39 bits physical, 48 bits virtual
power management:

processor	: 1
vendor_id	: GenuineIntel
cpu family	: 6
model		: 142
model name	: Intel(R) Core(TM) i5-7200U CPU @ 2.50GHz
stepping	: 9
microcode	: 0x8e
cpu MHz		: 700.005
cache size	: 3072 KB
physical id	: 0
siblings	: 4
core id		: 1
cpu cores	: 2
apicid		: 2
initial apicid	: 2
fpu		: yes
fpu_exception	: yes
cpuid level	: 22
wp		: yes
flags		: fpu vme de pse tsc msr pae mce cx8 apic sep mtrr pge mca cmov pat pse36 clflush dts acpi mmx fxsr sse sse2 ss ht tm pbe syscall nx pdpe1gb rdtscp lm constant_tsc art arch_perfmon pebs bts rep_good nopl xtopology nonstop_tsc cpuid aperfmperf tsc_known_freq pni pclmulqdq dtes64 monitor ds_cpl vmx est tm2 ssse3 sdbg fma cx16 xtpr pdcm pcid sse4_1 sse4_2 x2apic movbe popcnt tsc_deadline_timer aes xsave avx f16c rdrand lahf_lm abm 3dnowprefetch cpuid_fault epb invpcid_single pti ssbd ibrs ibpb stibp tpr_shadow vnmi flexpriority ept vpid fsgsbase tsc_adjust bmi1 avx2 smep bmi2 erms invpcid mpx rdseed adx smap clflushopt intel_pt xsaveopt xsavec xgetbv1 xsaves dtherm ida arat pln pts hwp hwp_notify hwp_act_window hwp_epp flush_l1d
bugs		: cpu_meltdown spectre_v1 spectre_v2 spec_store_bypass l1tf
bogomips	: 5424.00
clflush size	: 64
cache_alignment	: 64
address sizes	: 39 bits physical, 48 bits virtual
power management:

processor	: 2
vendor_id	: GenuineIntel
cpu family	: 6
model		: 142
model name	: Intel(R) Core(TM) i5-7200U CPU @ 2.50GHz
stepping	: 9
microcode	: 0x8e
cpu MHz		: 700.589
cache size	: 3072 KB
physical id	: 0
siblings	: 4
core id		: 0
cpu cores	: 2
apicid		: 1
initial apicid	: 1
fpu		: yes
fpu_exception	: yes
cpuid level	: 22
wp		: yes
flags		: fpu vme de pse tsc msr pae mce cx8 apic sep mtrr pge mca cmov pat pse36 clflush dts acpi mmx fxsr sse sse2 ss ht tm pbe syscall nx pdpe1gb rdtscp lm constant_tsc art arch_perfmon pebs bts rep_good nopl xtopology nonstop_tsc cpuid aperfmperf tsc_known_freq pni pclmulqdq dtes64 monitor ds_cpl vmx est tm2 ssse3 sdbg fma cx16 xtpr pdcm pcid sse4_1 sse4_2 x2apic movbe popcnt tsc_deadline_timer aes xsave avx f16c rdrand lahf_lm abm 3dnowprefetch cpuid_fault epb invpcid_single pti ssbd ibrs ibpb stibp tpr_shadow vnmi flexpriority ept vpid fsgsbase tsc_adjust bmi1 avx2 smep bmi2 erms invpcid mpx rdseed adx smap clflushopt intel_pt xsaveopt xsavec xgetbv1 xsaves dtherm ida arat pln pts hwp hwp_notify hwp_act_window hwp_epp flush_l1d
bugs		: cpu_meltdown spectre_v1 spectre_v2 spec_store_bypass l1tf
bogomips	: 5424.00
clflush size	: 64
cache_alignment	: 64
address sizes	: 39 bits physical, 48 bits virtual
power management:

processor	: 3
vendor_id	: GenuineIntel
cpu family	: 6
model		: 142
model name	: Intel(R) Core(TM) i5-7200U CPU @ 2.50GHz
stepping	: 9
microcode	: 0x8e
cpu MHz		: 700.008
cache size	: 3072 KB
physical id	: 0
siblings	: 4
core id		: 1
cpu cores	: 2
apicid		: 3
initial apicid	: 3
fpu		: yes
fpu_exception	: yes
cpuid level	: 22
wp		: yes
flags		: fpu vme de pse tsc msr pae mce cx8 apic sep mtrr pge mca cmov pat pse36 clflush dts acpi mmx fxsr sse sse2 ss ht tm pbe syscall nx pdpe1gb rdtscp lm constant_tsc art arch_perfmon pebs bts rep_good nopl xtopology nonstop_tsc cpuid aperfmperf tsc_known_freq pni pclmulqdq dtes64 monitor ds_cpl vmx est tm2 ssse3 sdbg fma cx16 xtpr pdcm pcid sse4_1 sse4_2 x2apic movbe popcnt tsc_deadline_timer aes xsave avx f16c rdrand lahf_lm abm 3dnowprefetch cpuid_fault epb invpcid_single pti ssbd ibrs ibpb stibp tpr_shadow vnmi flexpriority ept vpid fsgsbase tsc_adjust bmi1 avx2 smep bmi2 erms invpcid mpx rdseed adx smap clflushopt intel_pt xsaveopt xsavec xgetbv1 xsaves dtherm ida arat pln pts hwp hwp_notify hwp_act_window hwp_epp flush_l1d
bugs		: cpu_meltdown spectre_v1 spectre_v2 spec_store_bypass l1tf
bogomips	: 5424.00
clflush size	: 64
cache_alignment	: 64
address sizes	: 39 bits physical, 48 bits virtual
power management:



Memory: 4k page, physical 3817968k(110736k free), swap 2097148k(12k free)

vm_info: Java HotSpot(TM) 64-Bit Server VM (25.201-b09) for linux-amd64 JRE (1.8.0_201-b09), built on Dec 15 2018 11:35:59 by "java_re" with gcc 7.3.0

time: Sun Apr 14 11:40:41 2019
timezone: CST
elapsed time: 221 seconds (0d 0h 3m 41s)

