#
# There is insufficient memory for the Java Runtime Environment to continue.
# Native memory allocation (mmap) failed to map 72351744 bytes for committing reserved memory.
# Possible reasons:
#   The system is out of physical RAM or swap space
#   The process is running with CompressedOops enabled, and the Java Heap may be blocking the growth of the native heap
# Possible solutions:
#   Reduce memory load on the system
#   Increase physical memory or swap space
#   Check if swap backing store is full
#   Decrease Java heap size (-Xmx/-Xms)
#   Decrease number of Java threads
#   Decrease Java thread stack sizes (-Xss)
#   Set larger code cache with -XX:ReservedCodeCacheSize=
#   JVM is running with Unscaled Compressed Oops mode in which the Java heap is
#     placed in the first 4GB address space. The Java Heap base address is the
#     maximum limit for the native heap growth. Please use -XX:HeapBaseMinAddress
#     to set the Java Heap base and to place the Java Heap above 4GB virtual address.
# This output file may be truncated or incomplete.
#
#  Out of Memory Error (os_linux.cpp:2749), pid=5562, tid=0x00007f62fd3c0700
#
# JRE version: Java(TM) SE Runtime Environment (8.0_201-b09) (build 1.8.0_201-b09)
# Java VM: Java HotSpot(TM) 64-Bit Server VM (25.201-b09 mixed mode linux-amd64 compressed oops)
# Failed to write core dump. Core dumps have been disabled. To enable core dumping, try "ulimit -c unlimited" before starting Java again
#

---------------  T H R E A D  ---------------

Current thread (0x00007f631407e800):  VMThread [stack: 0x00007f62fd2c1000,0x00007f62fd3c1000] [id=5574]

Stack: [0x00007f62fd2c1000,0x00007f62fd3c1000],  sp=0x00007f62fd3bf3d0,  free space=1016k
Native frames: (J=compiled Java code, j=interpreted, Vv=VM code, C=native code)
V  [libjvm.so+0xad3525]  VMError::report_and_die()+0x2e5
V  [libjvm.so+0x4e0457]  report_vm_out_of_memory(char const*, int, unsigned long, VMErrorType, char const*)+0x67
V  [libjvm.so+0x9102f0]  os::pd_commit_memory(char*, unsigned long, unsigned long, bool)+0x100
V  [libjvm.so+0x90791f]  os::commit_memory(char*, unsigned long, unsigned long, bool)+0x1f
V  [libjvm.so+0x98c806]  PSVirtualSpace::expand_by(unsigned long)+0x56
V  [libjvm.so+0x97badb]  PSOldGen::expand_by(unsigned long) [clone .part.28]+0x1b
V  [libjvm.so+0x97bc98]  PSOldGen::expand(unsigned long) [clone .part.29]+0xa8
V  [libjvm.so+0x97c841]  PSOldGen::resize(unsigned long)+0xe1
V  [libjvm.so+0x98297c]  PSParallelCompact::invoke_no_policy(bool) [clone .part.118]+0xa2c
V  [libjvm.so+0x98a795]  PSScavenge::invoke()+0x215
V  [libjvm.so+0x93a318]  ParallelScavengeHeap::failed_mem_allocate(unsigned long)+0x68
V  [libjvm.so+0xad5073]  VM_ParallelGCFailedAllocation::doit()+0x93
V  [libjvm.so+0xada296]  VM_Operation::evaluate()+0x46
V  [libjvm.so+0xad85cd]  VMThread::evaluate_operation(VM_Operation*) [clone .constprop.44]+0xcd
V  [libjvm.so+0xad8bb3]  VMThread::loop()+0x3a3
V  [libjvm.so+0xad8f88]  VMThread::run()+0x78
V  [libjvm.so+0x90d922]  java_start(Thread*)+0x102

VM_Operation (0x00007f62f44afff0): ParallelGCFailedAllocation, mode: safepoint, requested by thread 0x00007f6315196000


---------------  P R O C E S S  ---------------

Java Threads: ( => current thread )
  0x00007f6314010000 JavaThread "DestroyJavaVM" [_thread_blocked, id=5569, stack(0x00007f631b766000,0x00007f631b866000)]
  0x00007f6315316000 JavaThread "http-nio-8080-Acceptor-0" daemon [_thread_in_native, id=5639, stack(0x00007f627defd000,0x00007f627dffe000)]
  0x00007f6315313000 JavaThread "http-nio-8080-ClientPoller-1" daemon [_thread_blocked, id=5638, stack(0x00007f62d40f0000,0x00007f62d41f1000)]
  0x00007f6315304000 JavaThread "http-nio-8080-ClientPoller-0" daemon [_thread_blocked, id=5637, stack(0x00007f62d41f1000,0x00007f62d42f2000)]
  0x00007f63152f5000 JavaThread "http-nio-8080-exec-10" daemon [_thread_blocked, id=5636, stack(0x00007f62d42f2000,0x00007f62d43f3000)]
  0x00007f63152f3000 JavaThread "http-nio-8080-exec-9" daemon [_thread_blocked, id=5635, stack(0x00007f62d43f3000,0x00007f62d44f4000)]
  0x00007f63152f1000 JavaThread "http-nio-8080-exec-8" daemon [_thread_blocked, id=5634, stack(0x00007f62d44f4000,0x00007f62d45f5000)]
  0x00007f63152ef000 JavaThread "http-nio-8080-exec-7" daemon [_thread_blocked, id=5633, stack(0x00007f62d45f5000,0x00007f62d46f6000)]
  0x00007f63152ed000 JavaThread "http-nio-8080-exec-6" daemon [_thread_blocked, id=5632, stack(0x00007f62d46f6000,0x00007f62d47f7000)]
  0x00007f63152eb000 JavaThread "http-nio-8080-exec-5" daemon [_thread_blocked, id=5631, stack(0x00007f62d47f7000,0x00007f62d48f8000)]
  0x00007f63152e9800 JavaThread "http-nio-8080-exec-4" daemon [_thread_blocked, id=5630, stack(0x00007f62d48f8000,0x00007f62d49f9000)]
  0x00007f63152e7800 JavaThread "http-nio-8080-exec-3" daemon [_thread_blocked, id=5629, stack(0x00007f62d49f9000,0x00007f62d4afa000)]
  0x00007f63152e5800 JavaThread "http-nio-8080-exec-2" daemon [_thread_blocked, id=5628, stack(0x00007f62d4afa000,0x00007f62d4bfb000)]
  0x00007f631511e000 JavaThread "http-nio-8080-exec-1" daemon [_thread_blocked, id=5627, stack(0x00007f62d4bfb000,0x00007f62d4cfc000)]
  0x00007f631511c800 JavaThread "NioBlockingSelector.BlockPoller-1" daemon [_thread_blocked, id=5626, stack(0x00007f62d4cfc000,0x00007f62d4dfd000)]
  0x00007f629003d000 JavaThread "I/O dispatcher 4" [_thread_blocked, id=5625, stack(0x00007f62dc0a0000,0x00007f62dc1a1000)]
  0x00007f629003b000 JavaThread "I/O dispatcher 3" [_thread_blocked, id=5624, stack(0x00007f62dc1a1000,0x00007f62dc2a2000)]
  0x00007f6290039000 JavaThread "I/O dispatcher 2" [_thread_blocked, id=5623, stack(0x00007f62dc2a2000,0x00007f62dc3a3000)]
  0x00007f6290001800 JavaThread "I/O dispatcher 1" [_thread_blocked, id=5622, stack(0x00007f62dc3a3000,0x00007f62dc4a4000)]
  0x00007f63152af000 JavaThread "pool-1-thread-1" [_thread_blocked, id=5621, stack(0x00007f62dc4a4000,0x00007f62dc5a5000)]
  0x00007f6294003000 JavaThread "elasticsearch[_client_][generic][T#4]" daemon [_thread_blocked, id=5620, stack(0x00007f62dc5a5000,0x00007f62dc6a6000)]
  0x00007f628c001800 JavaThread "elasticsearch[_client_][generic][T#3]" daemon [_thread_blocked, id=5619, stack(0x00007f62dc6a6000,0x00007f62dc7a7000)]
  0x00007f6294001000 JavaThread "elasticsearch[_client_][generic][T#2]" daemon [_thread_blocked, id=5618, stack(0x00007f62f40a9000,0x00007f62f41aa000)]
  0x00007f6315199800 JavaThread "elasticsearch[_client_][transport_client_boss][T#8]" daemon [_thread_blocked, id=5616, stack(0x00007f62f41af000,0x00007f62f42b0000)]
  0x00007f6315198000 JavaThread "elasticsearch[_client_][transport_client_boss][T#7]" daemon [_thread_blocked, id=5615, stack(0x00007f62f42b0000,0x00007f62f43b1000)]
  0x00007f6315196000 JavaThread "elasticsearch[_client_][transport_client_boss][T#6]" daemon [_thread_blocked, id=5614, stack(0x00007f62f43b1000,0x00007f62f44b2000)]
  0x00007f6315194000 JavaThread "elasticsearch[_client_][transport_client_boss][T#5]" daemon [_thread_blocked, id=5613, stack(0x00007f62f44b2000,0x00007f62f45b3000)]
  0x00007f6315192000 JavaThread "elasticsearch[_client_][transport_client_boss][T#4]" daemon [_thread_blocked, id=5612, stack(0x00007f62f45b3000,0x00007f62f46b4000)]
  0x00007f6315190800 JavaThread "elasticsearch[_client_][transport_client_boss][T#3]" daemon [_thread_blocked, id=5611, stack(0x00007f62f46b4000,0x00007f62f47b5000)]
  0x00007f631518f000 JavaThread "elasticsearch[_client_][transport_client_boss][T#2]" daemon [_thread_blocked, id=5610, stack(0x00007f62f47b5000,0x00007f62f48b6000)]
  0x00007f631518d000 JavaThread "elasticsearch[_client_][generic][T#1]" daemon [_thread_blocked, id=5609, stack(0x00007f62f48b6000,0x00007f62f49b7000)]
  0x00007f6315173000 JavaThread "elasticsearch[_client_][transport_client_boss][T#1]" daemon [_thread_blocked, id=5608, stack(0x00007f62f4bb7000,0x00007f62f4cb8000)]
  0x00007f631504b000 JavaThread "elasticsearch[_client_][scheduler][T#1]" daemon [_thread_blocked, id=5607, stack(0x00007f62f4cb8000,0x00007f62f4db9000)]
  0x00007f6314cd5800 JavaThread "elasticsearch[_client_][[timer]]" daemon [_thread_blocked, id=5605, stack(0x00007f62f55cc000,0x00007f62f56cd000)]
  0x00007f6314b8f000 JavaThread "container-0" [_thread_blocked, id=5604, stack(0x00007f62f58cd000,0x00007f62f59ce000)]
  0x00007f62a4355800 JavaThread "Catalina-utility-2" [_thread_blocked, id=5603, stack(0x00007f62f63d3000,0x00007f62f64d4000)]
  0x00007f6314b8c800 JavaThread "Catalina-utility-1" [_thread_blocked, id=5602, stack(0x00007f62f6d6a000,0x00007f62f6e6b000)]
  0x00007f62a8012800 JavaThread "JMX server connection timeout 16" daemon [_thread_blocked, id=5594, stack(0x00007f62f6e6b000,0x00007f62f6f6c000)]
  0x00007f62a8010000 JavaThread "RMI Scheduler(0)" daemon [_thread_blocked, id=5593, stack(0x00007f62f716c000,0x00007f62f726d000)]
  0x00007f62bc003800 JavaThread "RMI TCP Connection(1)-127.0.0.1" daemon [_thread_blocked, id=5592, stack(0x00007f62f7293000,0x00007f62f7394000)]
  0x00007f62d8001000 JavaThread "Attach Listener" daemon [_thread_blocked, id=5586, stack(0x00007f62f7394000,0x00007f62f7495000)]
  0x00007f631460e000 JavaThread "RMI TCP Accept-0" daemon [_thread_in_native, id=5584, stack(0x00007f62f7596000,0x00007f62f7697000)]
  0x00007f6314606000 JavaThread "RMI TCP Accept-36963" daemon [_thread_in_native, id=5583, stack(0x00007f62f7697000,0x00007f62f7798000)]
  0x00007f63145eb000 JavaThread "RMI TCP Accept-0" daemon [_thread_in_native, id=5582, stack(0x00007f62f7798000,0x00007f62f7899000)]
  0x00007f63140c7800 JavaThread "Service Thread" daemon [_thread_blocked, id=5581, stack(0x00007f62fc1ea000,0x00007f62fc2eb000)]
  0x00007f63140c4800 JavaThread "C1 CompilerThread2" daemon [_thread_blocked, id=5580, stack(0x00007f62fc2ec000,0x00007f62fc3ec000)]
  0x00007f63140c3000 JavaThread "C2 CompilerThread1" daemon [_thread_blocked, id=5579, stack(0x00007f62fc3ed000,0x00007f62fc4ed000)]
  0x00007f63140c0000 JavaThread "C2 CompilerThread0" daemon [_thread_blocked, id=5578, stack(0x00007f62fc4ee000,0x00007f62fc5ee000)]
  0x00007f63140be800 JavaThread "Signal Dispatcher" daemon [_thread_blocked, id=5577, stack(0x00007f62fc5ee000,0x00007f62fc6ef000)]
  0x00007f631408a800 JavaThread "Finalizer" daemon [_thread_blocked, id=5576, stack(0x00007f62fd0be000,0x00007f62fd1bf000)]
  0x00007f6314088000 JavaThread "Reference Handler" daemon [_thread_blocked, id=5575, stack(0x00007f62fd1bf000,0x00007f62fd2c0000)]

Other Threads:
=>0x00007f631407e800 VMThread [stack: 0x00007f62fd2c1000,0x00007f62fd3c1000] [id=5574]
  0x00007f6314612800 WatcherThread [stack: 0x00007f62f7496000,0x00007f62f7596000] [id=5585]

VM state:at safepoint (normal execution)

VM Mutex/Monitor currently owned by a thread:  ([mutex/lock_event])
[0x00007f631400c440] ExpandHeap_lock - owner thread: 0x00007f631407e800
[0x00007f631400cac0] Threads_lock - owner thread: 0x00007f631407e800
[0x00007f631400cfc0] Heap_lock - owner thread: 0x00007f6315196000

heap address: 0x00000000c5a00000, size: 934 MB, Compressed Oops mode: 32-bit
Narrow klass base: 0x0000000000000000, Narrow klass shift: 3
Compressed class space size: 1073741824 Address: 0x0000000100000000

Heap:
 PSYoungGen      total 167424K, used 0K [0x00000000ec900000, 0x00000000f7e00000, 0x0000000100000000)
  eden space 159744K, 0% used [0x00000000ec900000,0x00000000ec900000,0x00000000f6500000)
  from space 7680K, 0% used [0x00000000f7680000,0x00000000f7680000,0x00000000f7e00000)
  to   space 11776K, 0% used [0x00000000f6700000,0x00000000f6700000,0x00000000f7280000)
 ParOldGen       total 173568K, used 142120K [0x00000000c5a00000, 0x00000000d0380000, 0x00000000ec900000)
  object space 173568K, 81% used [0x00000000c5a00000,0x00000000ce4ca000,0x00000000d0380000)
 Metaspace       used 51595K, capacity 54782K, committed 54912K, reserved 1095680K
  class space    used 7018K, capacity 7776K, committed 7808K, reserved 1048576K

Card table byte_map: [0x00007f631826c000,0x00007f6318440000] byte_map_base: 0x00007f6317c3f000

Marking Bits: (ParMarkBitMap*) 0x00007f631ac0dd80
 Begin Bits: [0x00007f62fe2d0000, 0x00007f62ff168000)
 End Bits:   [0x00007f62ff168000, 0x00007f6300000000)

Polling page: 0x00007f631b87d000

CodeCache: size=245760Kb used=7672Kb max_used=7672Kb free=238087Kb
 bounds [0x00007f6305000000, 0x00007f6305780000, 0x00007f6314000000]
 total_blobs=4362 nmethods=3770 adapters=503
 compilation: enabled

Compilation events (10 events):
Event: 48.206 Thread 0x00007f63140c4800 3852       1       com.fasterxml.jackson.databind.introspect.Annotated::<init> (5 bytes)
Event: 48.206 Thread 0x00007f63140c4800 nmethod 3852 0x00007f630577e910 code [0x00007f630577ea60, 0x00007f630577eb70]
Event: 48.206 Thread 0x00007f63140c4800 3853       1       com.fasterxml.jackson.databind.introspect.AnnotatedMember::<init> (15 bytes)
Event: 48.206 Thread 0x00007f63140c4800 nmethod 3853 0x00007f630577ebd0 code [0x00007f630577ed20, 0x00007f630577ee50]
Event: 48.211 Thread 0x00007f63140c4800 3854       1       io.netty.util.concurrent.AbstractFuture::<init> (5 bytes)
Event: 48.211 Thread 0x00007f63140c4800 nmethod 3854 0x00007f630577eed0 code [0x00007f630577f020, 0x00007f630577f130]
Event: 48.212 Thread 0x00007f63140c4800 3855       1       java.util.concurrent.atomic.AtomicLongFieldUpdater$CASUpdater::getAndAdd (18 bytes)
Event: 48.212 Thread 0x00007f63140c4800 nmethod 3855 0x00007f630577f190 code [0x00007f630577f300, 0x00007f630577f488]
Event: 48.212 Thread 0x00007f63140c4800 3856       1       java.util.concurrent.atomic.AtomicLongFieldUpdater$CASUpdater::addAndGet (9 bytes)
Event: 48.212 Thread 0x00007f63140c4800 nmethod 3856 0x00007f630577f550 code [0x00007f630577f6c0, 0x00007f630577f868]

GC Heap History (10 events):
Event: 13.221 GC heap after
Heap after GC invocations=13 (full 2):
 PSYoungGen      total 97280K, used 0K [0x00000000ec900000, 0x00000000f5700000, 0x0000000100000000)
  eden space 87552K, 0% used [0x00000000ec900000,0x00000000ec900000,0x00000000f1e80000)
  from space 9728K, 0% used [0x00000000f1e80000,0x00000000f1e80000,0x00000000f2800000)
  to   space 9728K, 0% used [0x00000000f4d80000,0x00000000f4d80000,0x00000000f5700000)
 ParOldGen       total 49664K, used 18126K [0x00000000c5a00000, 0x00000000c8a80000, 0x00000000ec900000)
  object space 49664K, 36% used [0x00000000c5a00000,0x00000000c6bb3808,0x00000000c8a80000)
 Metaspace       used 33610K, capacity 35382K, committed 35496K, reserved 1079296K
  class space    used 4502K, capacity 4916K, committed 4992K, reserved 1048576K
}
Event: 16.652 GC heap before
{Heap before GC invocations=14 (full 2):
 PSYoungGen      total 97280K, used 76360K [0x00000000ec900000, 0x00000000f5700000, 0x0000000100000000)
  eden space 87552K, 87% used [0x00000000ec900000,0x00000000f1392138,0x00000000f1e80000)
  from space 9728K, 0% used [0x00000000f1e80000,0x00000000f1e80000,0x00000000f2800000)
  to   space 9728K, 0% used [0x00000000f4d80000,0x00000000f4d80000,0x00000000f5700000)
 ParOldGen       total 49664K, used 18126K [0x00000000c5a00000, 0x00000000c8a80000, 0x00000000ec900000)
  object space 49664K, 36% used [0x00000000c5a00000,0x00000000c6bb3808,0x00000000c8a80000)
 Metaspace       used 43351K, capacity 45712K, committed 45952K, reserved 1089536K
  class space    used 5846K, capacity 6509K, committed 6528K, reserved 1048576K
Event: 16.673 GC heap after
Heap after GC invocations=14 (full 2):
 PSYoungGen      total 128512K, used 9718K [0x00000000ec900000, 0x00000000f5700000, 0x0000000100000000)
  eden space 118784K, 0% used [0x00000000ec900000,0x00000000ec900000,0x00000000f3d00000)
  from space 9728K, 99% used [0x00000000f4d80000,0x00000000f56fdac8,0x00000000f5700000)
  to   space 11776K, 0% used [0x00000000f4000000,0x00000000f4000000,0x00000000f4b80000)
 ParOldGen       total 49664K, used 20161K [0x00000000c5a00000, 0x00000000c8a80000, 0x00000000ec900000)
  object space 49664K, 40% used [0x00000000c5a00000,0x00000000c6db0478,0x00000000c8a80000)
 Metaspace       used 43351K, capacity 45712K, committed 45952K, reserved 1089536K
  class space    used 5846K, capacity 6509K, committed 6528K, reserved 1048576K
}
Event: 18.397 GC heap before
{Heap before GC invocations=15 (full 2):
 PSYoungGen      total 128512K, used 128502K [0x00000000ec900000, 0x00000000f5700000, 0x0000000100000000)
  eden space 118784K, 100% used [0x00000000ec900000,0x00000000f3d00000,0x00000000f3d00000)
  from space 9728K, 99% used [0x00000000f4d80000,0x00000000f56fdac8,0x00000000f5700000)
  to   space 11776K, 0% used [0x00000000f4000000,0x00000000f4000000,0x00000000f4b80000)
 ParOldGen       total 49664K, used 20161K [0x00000000c5a00000, 0x00000000c8a80000, 0x00000000ec900000)
  object space 49664K, 40% used [0x00000000c5a00000,0x00000000c6db0478,0x00000000c8a80000)
 Metaspace       used 46750K, capacity 49694K, committed 49920K, reserved 1091584K
  class space    used 6358K, capacity 7082K, committed 7168K, reserved 1048576K
Event: 18.466 GC heap after
Heap after GC invocations=15 (full 2):
 PSYoungGen      total 133632K, used 6258K [0x00000000ec900000, 0x00000000f8180000, 0x0000000100000000)
  eden space 121856K, 0% used [0x00000000ec900000,0x00000000ec900000,0x00000000f4000000)
  from space 11776K, 53% used [0x00000000f4000000,0x00000000f461cb50,0x00000000f4b80000)
  to   space 11264K, 0% used [0x00000000f7680000,0x00000000f7680000,0x00000000f8180000)
 ParOldGen       total 117248K, used 104468K [0x00000000c5a00000, 0x00000000ccc80000, 0x00000000ec900000)
  object space 117248K, 89% used [0x00000000c5a00000,0x00000000cc005188,0x00000000ccc80000)
 Metaspace       used 46750K, capacity 49694K, committed 49920K, reserved 1091584K
  class space    used 6358K, capacity 7082K, committed 7168K, reserved 1048576K
}
Event: 18.467 GC heap before
{Heap before GC invocations=16 (full 3):
 PSYoungGen      total 133632K, used 6258K [0x00000000ec900000, 0x00000000f8180000, 0x0000000100000000)
  eden space 121856K, 0% used [0x00000000ec900000,0x00000000ec900000,0x00000000f4000000)
  from space 11776K, 53% used [0x00000000f4000000,0x00000000f461cb50,0x00000000f4b80000)
  to   space 11264K, 0% used [0x00000000f7680000,0x00000000f7680000,0x00000000f8180000)
 ParOldGen       total 117248K, used 104468K [0x00000000c5a00000, 0x00000000ccc80000, 0x00000000ec900000)
  object space 117248K, 89% used [0x00000000c5a00000,0x00000000cc005188,0x00000000ccc80000)
 Metaspace       used 46750K, capacity 49694K, committed 49920K, reserved 1091584K
  class space    used 6358K, capacity 7082K, committed 7168K, reserved 1048576K
Event: 18.608 GC heap after
Heap after GC invocations=16 (full 3):
 PSYoungGen      total 133632K, used 0K [0x00000000ec900000, 0x00000000f8180000, 0x0000000100000000)
  eden space 121856K, 0% used [0x00000000ec900000,0x00000000ec900000,0x00000000f4000000)
  from space 11776K, 0% used [0x00000000f4000000,0x00000000f4000000,0x00000000f4b80000)
  to   space 11264K, 0% used [0x00000000f7680000,0x00000000f7680000,0x00000000f8180000)
 ParOldGen       total 156672K, used 88810K [0x00000000c5a00000, 0x00000000cf300000, 0x00000000ec900000)
  object space 156672K, 56% used [0x00000000c5a00000,0x00000000cb0ba818,0x00000000cf300000)
 Metaspace       used 46750K, capacity 49694K, committed 49920K, reserved 1091584K
  class space    used 6358K, capacity 7082K, committed 7168K, reserved 1048576K
}
Event: 49.224 GC heap before
{Heap before GC invocations=17 (full 3):
 PSYoungGen      total 133632K, used 114720K [0x00000000ec900000, 0x00000000f8180000, 0x0000000100000000)
  eden space 121856K, 94% used [0x00000000ec900000,0x00000000f3908298,0x00000000f4000000)
  from space 11776K, 0% used [0x00000000f4000000,0x00000000f4000000,0x00000000f4b80000)
  to   space 11264K, 0% used [0x00000000f7680000,0x00000000f7680000,0x00000000f8180000)
 ParOldGen       total 156672K, used 88810K [0x00000000c5a00000, 0x00000000cf300000, 0x00000000ec900000)
  object space 156672K, 56% used [0x00000000c5a00000,0x00000000cb0ba818,0x00000000cf300000)
 Metaspace       used 51595K, capacity 54782K, committed 54912K, reserved 1095680K
  class space    used 7018K, capacity 7776K, committed 7808K, reserved 1048576K
Event: 49.394 GC heap after
Heap after GC invocations=17 (full 3):
 PSYoungGen      total 167424K, used 7667K [0x00000000ec900000, 0x00000000f7e00000, 0x0000000100000000)
  eden space 159744K, 0% used [0x00000000ec900000,0x00000000ec900000,0x00000000f6500000)
  from space 7680K, 99% used [0x00000000f7680000,0x00000000f7dfcd00,0x00000000f7e00000)
  to   space 11776K, 0% used [0x00000000f6700000,0x00000000f6700000,0x00000000f7280000)
 ParOldGen       total 173568K, used 170738K [0x00000000c5a00000, 0x00000000d0380000, 0x00000000ec900000)
  object space 173568K, 98% used [0x00000000c5a00000,0x00000000d00bc868,0x00000000d0380000)
 Metaspace       used 51595K, capacity 54782K, committed 54912K, reserved 1095680K
  class space    used 7018K, capacity 7776K, committed 7808K, reserved 1048576K
}
Event: 49.394 GC heap before
{Heap before GC invocations=18 (full 4):
 PSYoungGen      total 167424K, used 7667K [0x00000000ec900000, 0x00000000f7e00000, 0x0000000100000000)
  eden space 159744K, 0% used [0x00000000ec900000,0x00000000ec900000,0x00000000f6500000)
  from space 7680K, 99% used [0x00000000f7680000,0x00000000f7dfcd00,0x00000000f7e00000)
  to   space 11776K, 0% used [0x00000000f6700000,0x00000000f6700000,0x00000000f7280000)
 ParOldGen       total 173568K, used 170738K [0x00000000c5a00000, 0x00000000d0380000, 0x00000000ec900000)
  object space 173568K, 98% used [0x00000000c5a00000,0x00000000d00bc868,0x00000000d0380000)
 Metaspace       used 51595K, capacity 54782K, committed 54912K, reserved 1095680K
  class space    used 7018K, capacity 7776K, committed 7808K, reserved 1048576K

Deoptimization events (0 events):
No events

Classes redefined (0 events):
No events

Internal exceptions (10 events):
Event: 20.851 Thread 0x00007f62bc003800 Exception <a 'java/lang/ClassNotFoundException': org/springframework/boot/actuate/endpoint/jmx/EndpointMBean> (0x00000000ee68b540) thrown at [/HUDSON/workspace/8-2-build-linux-amd64/jdk8u201/12317/hotspot/src/share/vm/classfile/systemDictionary.cpp, line 
Event: 20.851 Thread 0x00007f62bc003800 Exception <a 'java/lang/ClassNotFoundException': org/springframework/boot/actuate/endpoint/jmx/DataEndpointMBean> (0x00000000ee68baa0) thrown at [/HUDSON/workspace/8-2-build-linux-amd64/jdk8u201/12317/hotspot/src/share/vm/classfile/systemDictionary.cpp, l
Event: 20.851 Thread 0x00007f62bc003800 Exception <a 'java/lang/ClassNotFoundException': org/springframework/context/support/LiveBeansView> (0x00000000ee68bfe8) thrown at [/HUDSON/workspace/8-2-build-linux-amd64/jdk8u201/12317/hotspot/src/share/vm/classfile/systemDictionary.cpp, line 210]
Event: 20.851 Thread 0x00007f62bc003800 Exception <a 'java/lang/ClassNotFoundException': org/springframework/boot/actuate/endpoint/jmx/EndpointMBean> (0x00000000ee68c318) thrown at [/HUDSON/workspace/8-2-build-linux-amd64/jdk8u201/12317/hotspot/src/share/vm/classfile/systemDictionary.cpp, line 
Event: 20.851 Thread 0x00007f62bc003800 Exception <a 'java/lang/ClassNotFoundException': org/springframework/boot/actuate/endpoint/jmx/DataEndpointMBean> (0x00000000ee68c838) thrown at [/HUDSON/workspace/8-2-build-linux-amd64/jdk8u201/12317/hotspot/src/share/vm/classfile/systemDictionary.cpp, l
Event: 20.851 Thread 0x00007f62bc003800 Exception <a 'java/lang/ClassNotFoundException': org/springframework/context/support/LiveBeansView> (0x00000000ee68cd40) thrown at [/HUDSON/workspace/8-2-build-linux-amd64/jdk8u201/12317/hotspot/src/share/vm/classfile/systemDictionary.cpp, line 210]
Event: 23.828 Thread 0x00007f6314010000 Exception <a 'java/lang/ArrayIndexOutOfBoundsException'> (0x00000000efc124e0) thrown at [/HUDSON/workspace/8-2-build-linux-amd64/jdk8u201/12317/hotspot/src/share/vm/runtime/sharedRuntime.cpp, line 605]
Event: 23.834 Thread 0x00007f6314010000 Exception <a 'java/lang/ArrayIndexOutOfBoundsException'> (0x00000000efc65c70) thrown at [/HUDSON/workspace/8-2-build-linux-amd64/jdk8u201/12317/hotspot/src/share/vm/runtime/sharedRuntime.cpp, line 605]
Event: 23.914 Thread 0x00007f6314010000 Exception <a 'java/lang/ArrayIndexOutOfBoundsException'> (0x00000000efc9e318) thrown at [/HUDSON/workspace/8-2-build-linux-amd64/jdk8u201/12317/hotspot/src/share/vm/runtime/sharedRuntime.cpp, line 605]
Event: 48.053 Thread 0x00007f631511e000 Exception <a 'java/lang/ArrayIndexOutOfBoundsException'> (0x00000000f36f2638) thrown at [/HUDSON/workspace/8-2-build-linux-amd64/jdk8u201/12317/hotspot/src/share/vm/runtime/sharedRuntime.cpp, line 605]

Events (10 events):
Event: 48.197 loading class com/fasterxml/jackson/databind/ser/ResolvableSerializer done
Event: 48.199 loading class com/fasterxml/jackson/databind/type/ArrayType
Event: 48.199 loading class com/fasterxml/jackson/databind/type/ArrayType done
Event: 48.203 loading class com/fasterxml/jackson/databind/ser/std/NumberSerializers$1
Event: 48.203 loading class com/fasterxml/jackson/databind/ser/std/NumberSerializers$1 done
Event: 48.207 loading class com/fasterxml/jackson/core/io/JsonStringEncoder
Event: 48.207 loading class com/fasterxml/jackson/core/io/JsonStringEncoder done
Event: 48.208 loading class com/fasterxml/jackson/core/io/NumberOutput
Event: 48.208 loading class com/fasterxml/jackson/core/io/NumberOutput done
Event: 49.182 Executing VM operation: ParallelGCFailedAllocation


Dynamic libraries:
00400000-00401000 r-xp 00000000 08:0b 6298610                            /opt/jdk1.8.0_201/bin/java
00600000-00601000 r--p 00000000 08:0b 6298610                            /opt/jdk1.8.0_201/bin/java
00601000-00602000 rw-p 00001000 08:0b 6298610                            /opt/jdk1.8.0_201/bin/java
00756000-0079d000 rw-p 00000000 00:00 0                                  [heap]
c5a00000-d0380000 rw-p 00000000 00:00 0 
d4880000-ec900000 ---p 00000000 00:00 0 
ec900000-f7e00000 rw-p 00000000 00:00 0 
f7e00000-100000000 ---p 00000000 00:00 0 
100000000-1007a0000 rw-p 00000000 00:00 0 
1007a0000-140000000 ---p 00000000 00:00 0 
7f6278000000-7f6278021000 rw-p 00000000 00:00 0 
7f6278021000-7f627c000000 ---p 00000000 00:00 0 
7f627defd000-7f627df00000 ---p 00000000 00:00 0 
7f627df00000-7f6280000000 rw-p 00000000 00:00 0 
7f6280000000-7f6280022000 rw-p 00000000 00:00 0 
7f6280022000-7f6284000000 ---p 00000000 00:00 0 
7f6284000000-7f6284025000 rw-p 00000000 00:00 0 
7f6284025000-7f6288000000 ---p 00000000 00:00 0 
7f6288000000-7f628805c000 rw-p 00000000 00:00 0 
7f628805c000-7f628c000000 ---p 00000000 00:00 0 
7f628c000000-7f628c021000 rw-p 00000000 00:00 0 
7f628c021000-7f6290000000 ---p 00000000 00:00 0 
7f6290000000-7f629003f000 rw-p 00000000 00:00 0 
7f629003f000-7f6294000000 ---p 00000000 00:00 0 
7f6294000000-7f6294021000 rw-p 00000000 00:00 0 
7f6294021000-7f6298000000 ---p 00000000 00:00 0 
7f6298000000-7f6298052000 rw-p 00000000 00:00 0 
7f6298052000-7f629c000000 ---p 00000000 00:00 0 
7f629c000000-7f629c021000 rw-p 00000000 00:00 0 
7f629c021000-7f62a0000000 ---p 00000000 00:00 0 
7f62a0000000-7f62a0021000 rw-p 00000000 00:00 0 
7f62a0021000-7f62a4000000 ---p 00000000 00:00 0 
7f62a4000000-7f62a44ce000 rw-p 00000000 00:00 0 
7f62a44ce000-7f62a8000000 ---p 00000000 00:00 0 
7f62a8000000-7f62a80ba000 rw-p 00000000 00:00 0 
7f62a80ba000-7f62ac000000 ---p 00000000 00:00 0 
7f62ac000000-7f62ac021000 rw-p 00000000 00:00 0 
7f62ac021000-7f62b0000000 ---p 00000000 00:00 0 
7f62b0000000-7f62b0021000 rw-p 00000000 00:00 0 
7f62b0021000-7f62b4000000 ---p 00000000 00:00 0 
7f62b4000000-7f62b4021000 rw-p 00000000 00:00 0 
7f62b4021000-7f62b8000000 ---p 00000000 00:00 0 
7f62b8000000-7f62b8021000 rw-p 00000000 00:00 0 
7f62b8021000-7f62bc000000 ---p 00000000 00:00 0 
7f62bc000000-7f62bc021000 rw-p 00000000 00:00 0 
7f62bc021000-7f62c0000000 ---p 00000000 00:00 0 
7f62c0000000-7f62c0021000 rw-p 00000000 00:00 0 
7f62c0021000-7f62c4000000 ---p 00000000 00:00 0 
7f62c4000000-7f62c4021000 rw-p 00000000 00:00 0 
7f62c4021000-7f62c8000000 ---p 00000000 00:00 0 
7f62c8000000-7f62c8021000 rw-p 00000000 00:00 0 
7f62c8021000-7f62cc000000 ---p 00000000 00:00 0 
7f62cc000000-7f62cc693000 rw-p 00000000 00:00 0 
7f62cc693000-7f62d0000000 ---p 00000000 00:00 0 
7f62d0000000-7f62d0036000 rw-p 00000000 00:00 0 
7f62d0036000-7f62d4000000 ---p 00000000 00:00 0 
7f62d40f0000-7f62d40f3000 ---p 00000000 00:00 0 
7f62d40f3000-7f62d41f1000 rw-p 00000000 00:00 0 
7f62d41f1000-7f62d41f4000 ---p 00000000 00:00 0 
7f62d41f4000-7f62d42f2000 rw-p 00000000 00:00 0 
7f62d42f2000-7f62d42f5000 ---p 00000000 00:00 0 
7f62d42f5000-7f62d43f3000 rw-p 00000000 00:00 0 
7f62d43f3000-7f62d43f6000 ---p 00000000 00:00 0 
7f62d43f6000-7f62d44f4000 rw-p 00000000 00:00 0 
7f62d44f4000-7f62d44f7000 ---p 00000000 00:00 0 
7f62d44f7000-7f62d45f5000 rw-p 00000000 00:00 0 
7f62d45f5000-7f62d45f8000 ---p 00000000 00:00 0 
7f62d45f8000-7f62d46f6000 rw-p 00000000 00:00 0 
7f62d46f6000-7f62d46f9000 ---p 00000000 00:00 0 
7f62d46f9000-7f62d47f7000 rw-p 00000000 00:00 0 
7f62d47f7000-7f62d47fa000 ---p 00000000 00:00 0 
7f62d47fa000-7f62d48f8000 rw-p 00000000 00:00 0 
7f62d48f8000-7f62d48fb000 ---p 00000000 00:00 0 
7f62d48fb000-7f62d49f9000 rw-p 00000000 00:00 0 
7f62d49f9000-7f62d49fc000 ---p 00000000 00:00 0 
7f62d49fc000-7f62d4afa000 rw-p 00000000 00:00 0 
7f62d4afa000-7f62d4afd000 ---p 00000000 00:00 0 
7f62d4afd000-7f62d4bfb000 rw-p 00000000 00:00 0 
7f62d4bfb000-7f62d4bfe000 ---p 00000000 00:00 0 
7f62d4bfe000-7f62d4cfc000 rw-p 00000000 00:00 0 
7f62d4cfc000-7f62d4cff000 ---p 00000000 00:00 0 
7f62d4cff000-7f62d4ffd000 rw-p 00000000 00:00 0 
7f62d4ffd000-7f62d8000000 rw-p 00000000 00:00 0 
7f62d8000000-7f62d8021000 rw-p 00000000 00:00 0 
7f62d8021000-7f62dc000000 ---p 00000000 00:00 0 
7f62dc0a0000-7f62dc0a3000 ---p 00000000 00:00 0 
7f62dc0a3000-7f62dc1a1000 rw-p 00000000 00:00 0 
7f62dc1a1000-7f62dc1a4000 ---p 00000000 00:00 0 
7f62dc1a4000-7f62dc2a2000 rw-p 00000000 00:00 0 
7f62dc2a2000-7f62dc2a5000 ---p 00000000 00:00 0 
7f62dc2a5000-7f62dc3a3000 rw-p 00000000 00:00 0 
7f62dc3a3000-7f62dc3a6000 ---p 00000000 00:00 0 
7f62dc3a6000-7f62dc4a4000 rw-p 00000000 00:00 0 
7f62dc4a4000-7f62dc4a7000 ---p 00000000 00:00 0 
7f62dc4a7000-7f62dc5a5000 rw-p 00000000 00:00 0 
7f62dc5a5000-7f62dc5a8000 ---p 00000000 00:00 0 
7f62dc5a8000-7f62dc6a6000 rw-p 00000000 00:00 0 
7f62dc6a6000-7f62dc6a9000 ---p 00000000 00:00 0 
7f62dc6a9000-7f62dc7a7000 rw-p 00000000 00:00 0 
7f62dc7a7000-7f62dc7be000 r-xp 00000000 08:0b 7340055                    /lib/x86_64-linux-gnu/libgcc_s.so.1
7f62dc7be000-7f62dc9bd000 ---p 00017000 08:0b 7340055                    /lib/x86_64-linux-gnu/libgcc_s.so.1
7f62dc9bd000-7f62dc9be000 r--p 00016000 08:0b 7340055                    /lib/x86_64-linux-gnu/libgcc_s.so.1
7f62dc9be000-7f62dc9bf000 rw-p 00017000 08:0b 7340055                    /lib/x86_64-linux-gnu/libgcc_s.so.1
7f62dc9bf000-7f62dc9f7000 r-xp 00000000 08:0b 7752742                    /opt/jdk1.8.0_201/jre/lib/amd64/libsunec.so
7f62dc9f7000-7f62dcbf6000 ---p 00038000 08:0b 7752742                    /opt/jdk1.8.0_201/jre/lib/amd64/libsunec.so
7f62dcbf6000-7f62dcbfb000 r--p 00037000 08:0b 7752742                    /opt/jdk1.8.0_201/jre/lib/amd64/libsunec.so
7f62dcbfb000-7f62dcbfd000 rw-p 0003c000 08:0b 7752742                    /opt/jdk1.8.0_201/jre/lib/amd64/libsunec.so
7f62dcbfd000-7f62dcdfd000 rw-p 00000000 00:00 0 
7f62dcdfd000-7f62dcffd000 rw-p 00000000 00:00 0 
7f62dcffd000-7f62e0000000 rw-p 00000000 00:00 0 
7f62e0000000-7f62e0021000 rw-p 00000000 00:00 0 
7f62e0021000-7f62e4000000 ---p 00000000 00:00 0 
7f62e4000000-7f62e4021000 rw-p 00000000 00:00 0 
7f62e4021000-7f62e8000000 ---p 00000000 00:00 0 
7f62e8000000-7f62e8021000 rw-p 00000000 00:00 0 
7f62e8021000-7f62ec000000 ---p 00000000 00:00 0 
7f62ec000000-7f62ec2ad000 rw-p 00000000 00:00 0 
7f62ec2ad000-7f62f0000000 ---p 00000000 00:00 0 
7f62f0000000-7f62f0021000 rw-p 00000000 00:00 0 
7f62f0021000-7f62f4000000 ---p 00000000 00:00 0 
7f62f40a9000-7f62f40ac000 ---p 00000000 00:00 0 
7f62f40ac000-7f62f41aa000 rw-p 00000000 00:00 0 
7f62f41aa000-7f62f41ac000 r--s 00009000 08:0b 7612186                    /opt/jdk1.8.0_201/jre/lib/ext/sunec.jar
7f62f41ac000-7f62f41af000 r--s 0001a000 08:0b 7348544                    /opt/jdk1.8.0_201/jre/lib/jce.jar
7f62f41af000-7f62f41b2000 ---p 00000000 00:00 0 
7f62f41b2000-7f62f42b0000 rw-p 00000000 00:00 0 
7f62f42b0000-7f62f42b3000 ---p 00000000 00:00 0 
7f62f42b3000-7f62f43b1000 rw-p 00000000 00:00 0 
7f62f43b1000-7f62f43b4000 ---p 00000000 00:00 0 
7f62f43b4000-7f62f44b2000 rw-p 00000000 00:00 0 
7f62f44b2000-7f62f44b5000 ---p 00000000 00:00 0 
7f62f44b5000-7f62f45b3000 rw-p 00000000 00:00 0 
7f62f45b3000-7f62f45b6000 ---p 00000000 00:00 0 
7f62f45b6000-7f62f46b4000 rw-p 00000000 00:00 0 
7f62f46b4000-7f62f46b7000 ---p 00000000 00:00 0 
7f62f46b7000-7f62f47b5000 rw-p 00000000 00:00 0 
7f62f47b5000-7f62f47b8000 ---p 00000000 00:00 0 
7f62f47b8000-7f62f48b6000 rw-p 00000000 00:00 0 
7f62f48b6000-7f62f48b9000 ---p 00000000 00:00 0 
7f62f48b9000-7f62f4bb7000 rw-p 00000000 00:00 0 
7f62f4bb7000-7f62f4bba000 ---p 00000000 00:00 0 
7f62f4bba000-7f62f4cb8000 rw-p 00000000 00:00 0 
7f62f4cb8000-7f62f4cbb000 ---p 00000000 00:00 0 
7f62f4cbb000-7f62f4fb9000 rw-p 00000000 00:00 0 
7f62f4fb9000-7f62f51b9000 rw-p 00000000 00:00 0 
7f62f51b9000-7f62f53b9000 rw-p 00000000 00:00 0 
7f62f53b9000-7f62f53cc000 r--s 00345000 08:0b 7348537                    /opt/jdk1.8.0_201/jre/lib/resources.jar
7f62f53cc000-7f62f55cc000 rw-p 00000000 00:00 0 
7f62f55cc000-7f62f55cf000 ---p 00000000 00:00 0 
7f62f55cf000-7f62f58cd000 rw-p 00000000 00:00 0 
7f62f58cd000-7f62f58d0000 ---p 00000000 00:00 0 
7f62f58d0000-7f62f5bce000 rw-p 00000000 00:00 0 
7f62f5bce000-7f62f5bd3000 r--s 002f9000 08:0b 7348531                    /opt/jdk1.8.0_201/jre/lib/charsets.jar
7f62f5bd3000-7f62f5dd3000 rw-p 00000000 00:00 0 
7f62f5dd3000-7f62f5fd3000 rw-p 00000000 00:00 0 
7f62f5fd3000-7f62f61d3000 rw-p 00000000 00:00 0 
7f62f61d3000-7f62f63d3000 rw-p 00000000 00:00 0 
7f62f63d3000-7f62f63d6000 ---p 00000000 00:00 0 
7f62f63d6000-7f62f66d4000 rw-p 00000000 00:00 0 
7f62f66d4000-7f62f68d4000 rw-p 00000000 00:00 0 
7f62f68d4000-7f62f6ad4000 rw-p 00000000 00:00 0 
7f62f6ad4000-7f62f6b6a000 r--s 0110e000 08:0b 7612189                    /opt/jdk1.8.0_201/jre/lib/ext/jfxrt.jar
7f62f6b6a000-7f62f6d6a000 rw-p 00000000 00:00 0 
7f62f6d6a000-7f62f6d6d000 ---p 00000000 00:00 0 
7f62f6d6d000-7f62f6e6b000 rw-p 00000000 00:00 0 
7f62f6e6b000-7f62f6e6e000 ---p 00000000 00:00 0 
7f62f6e6e000-7f62f716c000 rw-p 00000000 00:00 0 
7f62f716c000-7f62f716f000 ---p 00000000 00:00 0 
7f62f716f000-7f62f726d000 rw-p 00000000 00:00 0 
7f62f726d000-7f62f7277000 r--s 00116000 08:0b 7612195                    /opt/jdk1.8.0_201/jre/lib/ext/localedata.jar
7f62f7277000-7f62f7293000 r--s 00393000 08:0b 7612188                    /opt/jdk1.8.0_201/jre/lib/ext/cldrdata.jar
7f62f7293000-7f62f7296000 ---p 00000000 00:00 0 
7f62f7296000-7f62f7394000 rw-p 00000000 00:00 0 
7f62f7394000-7f62f7397000 ---p 00000000 00:00 0 
7f62f7397000-7f62f7495000 rw-p 00000000 00:00 0 
7f62f7495000-7f62f7496000 ---p 00000000 00:00 0 
7f62f7496000-7f62f7596000 rw-p 00000000 00:00 0 
7f62f7596000-7f62f7599000 ---p 00000000 00:00 0 
7f62f7599000-7f62f7697000 rw-p 00000000 00:00 0 
7f62f7697000-7f62f769a000 ---p 00000000 00:00 0 
7f62f769a000-7f62f7798000 rw-p 00000000 00:00 0 
7f62f7798000-7f62f779b000 ---p 00000000 00:00 0 
7f62f779b000-7f62f7899000 rw-p 00000000 00:00 0 
7f62f7899000-7f62f789d000 r--s 000a1000 08:0b 7348538                    /opt/jdk1.8.0_201/jre/lib/jsse.jar
7f62f789d000-7f62f789e000 r--s 00005000 08:0b 6430902                    /home/luoji/.m2/repository/org/springframework/spring-jcl/5.1.6.RELEASE/spring-jcl-5.1.6.RELEASE.jar
7f62f789e000-7f62f78b6000 r--s 00124000 08:0b 6430897                    /home/luoji/.m2/repository/org/springframework/spring-core/5.1.6.RELEASE/spring-core-5.1.6.RELEASE.jar
7f62f78b6000-7f62f78cd000 r--s 0018d000 08:0b 6691478                    /home/luoji/.m2/repository/org/projectlombok/lombok/1.18.6/lombok-1.18.6.jar
7f62f78cd000-7f62f78d2000 r--s 00040000 08:0b 6430950                    /home/luoji/.m2/repository/org/springframework/spring-expression/5.1.6.RELEASE/spring-expression-5.1.6.RELEASE.jar
7f62f78d2000-7f62f78dc000 r--s 00051000 08:0b 6430879                    /home/luoji/.m2/repository/org/springframework/spring-aop/5.1.6.RELEASE/spring-aop-5.1.6.RELEASE.jar
7f62f78dc000-7f62f78eb000 r--s 000b5000 08:0b 6822937                    /home/luoji/.m2/repository/org/springframework/spring-webmvc/5.1.6.RELEASE/spring-webmvc-5.1.6.RELEASE.jar
7f62f78eb000-7f62f78f8000 r--s 00098000 08:0b 6430948                    /home/luoji/.m2/repository/org/springframework/spring-beans/5.1.6.RELEASE/spring-beans-5.1.6.RELEASE.jar
7f62f78f8000-7f62f7914000 r--s 00137000 08:0b 6822962                    /home/luoji/.m2/repository/org/springframework/spring-web/5.1.6.RELEASE/spring-web-5.1.6.RELEASE.jar
7f62f7914000-7f62f7916000 r--s 0000f000 08:0b 6822958                    /home/luoji/.m2/repository/com/fasterxml/classmate/1.4.0/classmate-1.4.0.jar
7f62f7916000-7f62f7918000 r--s 0000f000 08:0b 6822956                    /home/luoji/.m2/repository/org/jboss/logging/jboss-logging/3.3.2.Final/jboss-logging-3.3.2.Final.jar
7f62f7918000-7f62f791d000 r--s 00012000 08:0b 6822954                    /home/luoji/.m2/repository/javax/validation/validation-api/2.0.1.Final/validation-api-2.0.1.Final.jar
7f62f791d000-7f62f793a000 r--s 000fe000 08:0b 6822952                    /home/luoji/.m2/repository/org/hibernate/validator/hibernate-validator/6.0.16.Final/hibernate-validator-6.0.16.Final.jar
7f62f793a000-7f62f793f000 r--s 0003c000 08:0b 6822950                    /home/luoji/.m2/repository/org/apache/tomcat/embed/tomcat-embed-websocket/9.0.17/tomcat-embed-websocket-9.0.17.jar
7f62f793f000-7f62f7944000 r--s 00039000 08:0b 6822948                    /home/luoji/.m2/repository/org/apache/tomcat/embed/tomcat-embed-el/9.0.17/tomcat-embed-el-9.0.17.jar
7f62f7944000-7f62f796e000 r--s 002f9000 08:0b 6822946                    /home/luoji/.m2/repository/org/apache/tomcat/embed/tomcat-embed-core/9.0.17/tomcat-embed-core-9.0.17.jar
7f62f796e000-7f62f796f000 r--s 00000000 08:0b 6822944                    /home/luoji/.m2/repository/org/springframework/boot/spring-boot-starter-tomcat/2.1.4.RELEASE/spring-boot-starter-tomcat-2.1.4.RELEASE.jar
7f62f796f000-7f62f7971000 r--s 00001000 08:0b 6822942                    /home/luoji/.m2/repository/com/fasterxml/jackson/module/jackson-module-parameter-names/2.9.8/jackson-module-parameter-names-2.9.8.jar
7f62f7971000-7f62f7974000 r--s 00016000 08:0b 6822940                    /home/luoji/.m2/repository/com/fasterxml/jackson/datatype/jackson-datatype-jsr310/2.9.8/jackson-datatype-jsr310-2.9.8.jar
7f62f7974000-7f62f7976000 r--s 00007000 08:0b 6822938                    /home/luoji/.m2/repository/com/fasterxml/jackson/datatype/jackson-datatype-jdk8/2.9.8/jackson-datatype-jdk8-2.9.8.jar
7f62f7976000-7f62f7977000 r--s 00000000 08:0b 6822934                    /home/luoji/.m2/repository/org/springframework/boot/spring-boot-starter-json/2.1.4.RELEASE/spring-boot-starter-json-2.1.4.RELEASE.jar
7f62f7977000-7f62f7979000 r--s 00009000 08:0b 6430907                    /home/luoji/.m2/repository/org/slf4j/slf4j-api/1.7.26/slf4j-api-1.7.26.jar
7f62f7979000-7f62f7983000 r--s 00068000 08:0b 6691461                    /home/luoji/.m2/repository/io/netty/netty-transport/4.1.34.Final/netty-transport-4.1.34.Final.jar
7f62f7983000-7f62f7985000 r--s 00007000 08:0b 6691459                    /home/luoji/.m2/repository/io/netty/netty-resolver/4.1.34.Final/netty-resolver-4.1.34.Final.jar
7f62f7985000-7f62f798e000 r--s 00060000 08:0b 6691458                    /home/luoji/.m2/repository/io/netty/netty-handler/4.1.34.Final/netty-handler-4.1.34.Final.jar
7f62f798e000-7f62f799a000 r--s 00084000 08:0b 6691455                    /home/luoji/.m2/repository/io/netty/netty-common/4.1.34.Final/netty-common-4.1.34.Final.jar
7f62f799a000-7f62f79a4000 r--s 00080000 08:0b 6691451                    /home/luoji/.m2/repository/io/netty/netty-codec-http/4.1.34.Final/netty-codec-http-4.1.34.Final.jar
7f62f79a4000-7f62f79aa000 r--s 00048000 08:0b 6691417                    /home/luoji/.m2/repository/io/netty/netty-codec/4.1.34.Final/netty-codec-4.1.34.Final.jar
7f62f79aa000-7f62f79ad000 r--s 00041000 08:0b 6691449                    /home/luoji/.m2/repository/io/netty/netty-buffer/4.1.34.Final/netty-buffer-4.1.34.Final.jar
7f62f79ad000-7f62f79af000 r--s 00013000 08:0b 6691447                    /home/luoji/.m2/repository/org/elasticsearch/plugin/transport-netty4-client/6.4.3/transport-netty4-client-6.4.3.jar
7f62f79af000-7f62f79b2000 r--s 0000e000 08:0b 6691465                    /home/luoji/.m2/repository/com/fasterxml/jackson/core/jackson-annotations/2.9.0/jackson-annotations-2.9.0.jar
7f62f79b2000-7f62f79c4000 r--s 00137000 08:0b 6691445                    /home/luoji/.m2/repository/com/fasterxml/jackson/core/jackson-databind/2.9.8/jackson-databind-2.9.8.jar
7f62f79c4000-7f62f79c8000 r--s 0004c000 08:0b 6430887                    /home/luoji/.m2/repository/com/fasterxml/jackson/core/jackson-core/2.9.8/jackson-core-2.9.8.jar
7f62f79c8000-7f62f79ca000 r--s 00011000 08:0b 6691426                    /home/luoji/.m2/repository/org/elasticsearch/plugin/rank-eval-client/6.4.3/rank-eval-client-6.4.3.jar
7f62f79ca000-7f62f79cc000 r--s 00011000 08:0b 6691439                    /home/luoji/.m2/repository/org/elasticsearch/plugin/parent-join-client/6.4.3/parent-join-client-6.4.3.jar
7f62f79cc000-7f62f79dd000 r-xp 00000000 08:0b 7752794                    /opt/jdk1.8.0_201/jre/lib/amd64/libnio.so
7f62f79dd000-7f62f7bdc000 ---p 00011000 08:0b 7752794                    /opt/jdk1.8.0_201/jre/lib/amd64/libnio.so
7f62f7bdc000-7f62f7bdd000 r--p 00010000 08:0b 7752794                    /opt/jdk1.8.0_201/jre/lib/amd64/libnio.so
7f62f7bdd000-7f62f7bde000 rw-p 00011000 08:0b 7752794                    /opt/jdk1.8.0_201/jre/lib/amd64/libnio.so
7f62f7bde000-7f62f7bf4000 r-xp 00000000 08:0b 7752791                    /opt/jdk1.8.0_201/jre/lib/amd64/libnet.so
7f62f7bf4000-7f62f7df4000 ---p 00016000 08:0b 7752791                    /opt/jdk1.8.0_201/jre/lib/amd64/libnet.so
7f62f7df4000-7f62f7df5000 r--p 00016000 08:0b 7752791                    /opt/jdk1.8.0_201/jre/lib/amd64/libnet.so
7f62f7df5000-7f62f7df6000 rw-p 00017000 08:0b 7752791                    /opt/jdk1.8.0_201/jre/lib/amd64/libnet.so
7f62f7df6000-7f62f7dff000 r-xp 00000000 08:0b 7752799                    /opt/jdk1.8.0_201/jre/lib/amd64/libmanagement.so
7f62f7dff000-7f62f7ffe000 ---p 00009000 08:0b 7752799                    /opt/jdk1.8.0_201/jre/lib/amd64/libmanagement.so
7f62f7ffe000-7f62f7fff000 r--p 00008000 08:0b 7752799                    /opt/jdk1.8.0_201/jre/lib/amd64/libmanagement.so
7f62f7fff000-7f62f8000000 rw-p 00009000 08:0b 7752799                    /opt/jdk1.8.0_201/jre/lib/amd64/libmanagement.so
7f62f8000000-7f62f8021000 rw-p 00000000 00:00 0 
7f62f8021000-7f62fc000000 ---p 00000000 00:00 0 
7f62fc000000-7f62fc001000 r--s 00000000 08:0b 6691456                    /home/luoji/.m2/repository/org/springframework/boot/spring-boot-starter-web/2.1.4.RELEASE/spring-boot-starter-web-2.1.4.RELEASE.jar
7f62fc001000-7f62fc002000 r--s 00011000 08:0b 6691438                    /home/luoji/.m2/repository/org/elasticsearch/plugin/percolator-client/6.4.3/percolator-client-6.4.3.jar
7f62fc002000-7f62fc005000 r--s 00016000 08:0b 6691435                    /home/luoji/.m2/repository/com/github/spullara/mustache/java/compiler/0.9.3/compiler-0.9.3.jar
7f62fc005000-7f62fc007000 r--s 0000e000 08:0b 6691433                    /home/luoji/.m2/repository/org/elasticsearch/plugin/lang-mustache-client/6.4.3/lang-mustache-client-6.4.3.jar
7f62fc007000-7f62fc00e000 r--s 0004b000 08:0b 6691431                    /home/luoji/.m2/repository/commons-codec/commons-codec/1.11/commons-codec-1.11.jar
7f62fc00e000-7f62fc016000 r--s 00052000 08:0b 6691429                    /home/luoji/.m2/repository/org/apache/httpcomponents/httpcore-nio/4.4.11/httpcore-nio-4.4.11.jar
7f62fc016000-7f62fc019000 r--s 00029000 08:0b 6691427                    /home/luoji/.m2/repository/org/apache/httpcomponents/httpasyncclient/4.1.4/httpasyncclient-4.1.4.jar
7f62fc019000-7f62fc020000 r--s 00049000 08:0b 6691425                    /home/luoji/.m2/repository/org/apache/httpcomponents/httpcore/4.4.11/httpcore-4.4.11.jar
7f62fc020000-7f62fc02d000 r--s 000b0000 08:0b 6691424                    /home/luoji/.m2/repository/org/apache/httpcomponents/httpclient/4.5.8/httpclient-4.5.8.jar
7f62fc02d000-7f62fc02f000 r--s 0000c000 08:0b 6691421                    /home/luoji/.m2/repository/org/elasticsearch/client/elasticsearch-rest-client/6.4.3/elasticsearch-rest-client-6.4.3.jar
7f62fc02f000-7f62fc031000 r--s 00019000 08:0b 6691419                    /home/luoji/.m2/repository/org/elasticsearch/plugin/reindex-client/6.4.3/reindex-client-6.4.3.jar
7f62fc031000-7f62fc035000 r--s 000d5000 08:0b 6691415                    /home/luoji/.m2/repository/org/elasticsearch/jna/4.5.1/jna-4.5.1.jar
7f62fc035000-7f62fc037000 r--s 0001a000 08:0b 6691413                    /home/luoji/.m2/repository/org/hdrhistogram/HdrHistogram/2.1.9/HdrHistogram-2.1.9.jar
7f62fc037000-7f62fc039000 r--s 0000b000 08:0b 6691400                    /home/luoji/.m2/repository/com/tdunning/t-digest/3.2/t-digest-3.2.jar
7f62fc039000-7f62fc050000 r--s 00100000 08:0b 6691409                    /home/luoji/.m2/repository/com/carrotsearch/hppc/0.7.1/hppc-0.7.1.jar
7f62fc050000-7f62fc053000 r--s 00011000 08:0b 6691407                    /home/luoji/.m2/repository/net/sf/jopt-simple/jopt-simple/5.0.2/jopt-simple-5.0.2.jar
7f62fc053000-7f62fc054000 r--s 00003000 08:0b 6691405                    /home/luoji/.m2/repository/org/elasticsearch/elasticsearch-cli/6.4.3/elasticsearch-cli-6.4.3.jar
7f62fc054000-7f62fc059000 r--s 00038000 08:0b 6691403                    /home/luoji/.m2/repository/org/apache/lucene/lucene-suggest/7.4.0/lucene-suggest-7.4.0.jar
7f62fc059000-7f62fc05e000 r--s 00045000 08:0b 6691401                    /home/luoji/.m2/repository/org/apache/lucene/lucene-spatial3d/7.4.0/lucene-spatial3d-7.4.0.jar
7f62fc05e000-7f62fc063000 r--s 00035000 08:0b 6691396                    /home/luoji/.m2/repository/org/apache/lucene/lucene-spatial-extras/7.4.0/lucene-spatial-extras-7.4.0.jar
7f62fc063000-7f62fc064000 r--s 00003000 08:0b 6691397                    /home/luoji/.m2/repository/org/apache/lucene/lucene-spatial/7.4.0/lucene-spatial-7.4.0.jar
7f62fc064000-7f62fc069000 r--s 00036000 08:0b 6691392                    /home/luoji/.m2/repository/org/apache/lucene/lucene-sandbox/7.4.0/lucene-sandbox-7.4.0.jar
7f62fc069000-7f62fc073000 r--s 00054000 08:0b 6691393                    /home/luoji/.m2/repository/org/apache/lucene/lucene-queryparser/7.4.0/lucene-queryparser-7.4.0.jar
7f62fc073000-7f62fc07a000 r--s 0003a000 08:0b 6691391                    /home/luoji/.m2/repository/org/apache/lucene/lucene-queries/7.4.0/lucene-queries-7.4.0.jar
7f62fc07a000-7f62fc07d000 r--s 00014000 08:0b 6691389                    /home/luoji/.m2/repository/org/apache/lucene/lucene-misc/7.4.0/lucene-misc-7.4.0.jar
7f62fc07d000-7f62fc07f000 r--s 0000a000 08:0b 6430943                    /home/luoji/.m2/repository/org/apache/lucene/lucene-memory/7.4.0/lucene-memory-7.4.0.jar
7f62fc07f000-7f62fc083000 r--s 00020000 08:0b 6430940                    /home/luoji/.m2/repository/org/apache/lucene/lucene-join/7.4.0/lucene-join-7.4.0.jar
7f62fc083000-7f62fc087000 r--s 0002c000 08:0b 6430938                    /home/luoji/.m2/repository/org/apache/lucene/lucene-highlighter/7.4.0/lucene-highlighter-7.4.0.jar
7f62fc087000-7f62fc08a000 r--s 00013000 08:0b 6430936                    /home/luoji/.m2/repository/org/apache/lucene/lucene-grouping/7.4.0/lucene-grouping-7.4.0.jar
7f62fc08a000-7f62fc08d000 r--s 00016000 08:0b 6430934                    /home/luoji/.m2/repository/org/apache/lucene/lucene-backward-codecs/7.4.0/lucene-backward-codecs-7.4.0.jar
7f62fc08d000-7f62fc09f000 r--s 00182000 08:0b 6430933                    /home/luoji/.m2/repository/org/apache/lucene/lucene-analyzers-common/7.4.0/lucene-analyzers-common-7.4.0.jar
7f62fc09f000-7f62fc0cf000 r--s 0029b000 08:0b 6430930                    /home/luoji/.m2/repository/org/apache/lucene/lucene-core/7.4.0/lucene-core-7.4.0.jar
7f62fc0cf000-7f62fc0d1000 r--s 0000b000 08:0b 6430928                    /home/luoji/.m2/repository/com/fasterxml/jackson/dataformat/jackson-dataformat-cbor/2.9.8/jackson-dataformat-cbor-2.9.8.jar
7f62fc0d1000-7f62fc0d3000 r--s 00009000 08:0b 6430905                    /home/luoji/.m2/repository/com/fasterxml/jackson/dataformat/jackson-dataformat-yaml/2.9.8/jackson-dataformat-yaml-2.9.8.jar
7f62fc0d3000-7f62fc0d5000 r--s 00013000 08:0b 6430891                    /home/luoji/.m2/repository/com/fasterxml/jackson/dataformat/jackson-dataformat-smile/2.9.8/jackson-dataformat-smile-2.9.8.jar
7f62fc0d5000-7f62fc175000 r--s 00917000 08:0b 6430916                    /home/luoji/.m2/repository/org/elasticsearch/elasticsearch/6.4.3/elasticsearch-6.4.3.jar
7f62fc175000-7f62fc186000 r--s 0008c000 08:0b 6430924                    /home/luoji/.m2/repository/joda-time/joda-time/2.10.1/joda-time-2.10.1.jar
7f62fc186000-7f62fc19e000 r--s 00106000 08:0b 6430912                    /home/luoji/.m2/repository/org/springframework/data/spring-data-commons/2.1.6.RELEASE/spring-data-commons-2.1.6.RELEASE.jar
7f62fc19e000-7f62fc1a6000 r--s 00037000 08:0b 6430911                    /home/luoji/.m2/repository/org/springframework/spring-tx/5.1.6.RELEASE/spring-tx-5.1.6.RELEASE.jar
7f62fc1a6000-7f62fc1c0000 r--s 000f3000 08:0b 6430894                    /home/luoji/.m2/repository/org/springframework/spring-context/5.1.6.RELEASE/spring-context-5.1.6.RELEASE.jar
7f62fc1c0000-7f62fc1c6000 r--s 00033000 08:0b 6430886                    /home/luoji/.m2/repository/org/springframework/data/spring-data-elasticsearch/3.1.6.RELEASE/spring-data-elasticsearch-3.1.6.RELEASE.jar
7f62fc1c6000-7f62fc1ea000 r--s 00111000 08:0b 6430900                    /home/luoji/.m2/repository/org/springframework/boot/spring-boot-autoconfigure/2.1.4.RELEASE/spring-boot-autoconfigure-2.1.4.RELEASE.jar
7f62fc1ea000-7f62fc1ed000 ---p 00000000 00:00 0 
7f62fc1ed000-7f62fc2eb000 rw-p 00000000 00:00 0 
7f62fc2eb000-7f62fc2ec000 ---p 00000000 00:00 0 
7f62fc2ec000-7f62fc2ef000 ---p 00000000 00:00 0 
7f62fc2ef000-7f62fc3ec000 rw-p 00000000 00:00 0 
7f62fc3ec000-7f62fc3ed000 ---p 00000000 00:00 0 
7f62fc3ed000-7f62fc3f0000 ---p 00000000 00:00 0 
7f62fc3f0000-7f62fc4ed000 rw-p 00000000 00:00 0 
7f62fc4ed000-7f62fc4ee000 ---p 00000000 00:00 0 
7f62fc4ee000-7f62fc4f1000 ---p 00000000 00:00 0 
7f62fc4f1000-7f62fc5ee000 rw-p 00000000 00:00 0 
7f62fc5ee000-7f62fc5f1000 ---p 00000000 00:00 0 
7f62fc5f1000-7f62fc6ef000 rw-p 00000000 00:00 0 
7f62fc6ef000-7f62fd0be000 r--p 00000000 08:0b 6167209                    /usr/lib/locale/locale-archive
7f62fd0be000-7f62fd0c1000 ---p 00000000 00:00 0 
7f62fd0c1000-7f62fd1bf000 rw-p 00000000 00:00 0 
7f62fd1bf000-7f62fd1c2000 ---p 00000000 00:00 0 
7f62fd1c2000-7f62fd2c0000 rw-p 00000000 00:00 0 
7f62fd2c0000-7f62fd2c1000 ---p 00000000 00:00 0 
7f62fd2c1000-7f6300000000 rw-p 00000000 00:00 0 
7f6300000000-7f630003c000 rw-p 00000000 00:00 0 
7f630003c000-7f6304000000 ---p 00000000 00:00 0 
7f6304000000-7f6304003000 r--s 00019000 08:0b 6430923                    /home/luoji/.m2/repository/org/elasticsearch/elasticsearch-x-content/6.4.3/elasticsearch-x-content-6.4.3.jar
7f6304003000-7f6304005000 r--s 00007000 08:0b 6430944                    /home/luoji/.m2/repository/org/elasticsearch/elasticsearch-core/6.4.3/elasticsearch-core-6.4.3.jar
7f6304005000-7f630400c000 r--s 00043000 08:0b 6430918                    /home/luoji/.m2/repository/org/yaml/snakeyaml/1.23/snakeyaml-1.23.jar
7f630400c000-7f630400e000 r--s 00005000 08:0b 6430914                    /home/luoji/.m2/repository/javax/annotation/javax.annotation-api/1.3.2/javax.annotation-api-1.3.2.jar
7f630400e000-7f6304010000 r--s 00000000 08:0b 6430882                    /home/luoji/.m2/repository/org/slf4j/jul-to-slf4j/1.7.26/jul-to-slf4j-1.7.26.jar
7f6304010000-7f6304025000 r--s 000d4000 08:0b 6298760                    /home/luoji/.m2/repository/org/springframework/boot/spring-boot/2.1.4.RELEASE/spring-boot-2.1.4.RELEASE.jar
7f6304025000-7f63040da000 rw-p 00000000 00:00 0 
7f63040da000-7f63042b4000 r--s 03d6f000 08:0b 7348533                    /opt/jdk1.8.0_201/jre/lib/rt.jar
7f63042b4000-7f6304cfd000 rw-p 00000000 00:00 0 
7f6304cfd000-7f6304cfe000 ---p 00000000 00:00 0 
7f6304cfe000-7f6304dfe000 rw-p 00000000 00:00 0 
7f6304dfe000-7f6304dff000 ---p 00000000 00:00 0 
7f6304dff000-7f6304eff000 rw-p 00000000 00:00 0 
7f6304eff000-7f6304f00000 ---p 00000000 00:00 0 
7f6304f00000-7f6305000000 rw-p 00000000 00:00 0 
7f6305000000-7f6305780000 rwxp 00000000 00:00 0 
7f6305780000-7f6314000000 ---p 00000000 00:00 0 
7f6314000000-7f631531c000 rw-p 00000000 00:00 0 
7f631531c000-7f6318000000 ---p 00000000 00:00 0 
7f6318000000-7f6318001000 r--s 00002000 08:0b 6430920                    /home/luoji/.m2/repository/org/elasticsearch/elasticsearch-secure-sm/6.4.3/elasticsearch-secure-sm-6.4.3.jar
7f6318001000-7f6318007000 r--s 0003c000 08:0b 6430946                    /home/luoji/.m2/repository/org/apache/logging/log4j/log4j-api/2.11.2/log4j-api-2.11.2.jar
7f6318007000-7f6318012000 r--s 00069000 08:0b 6430884                    /home/luoji/.m2/repository/ch/qos/logback/logback-core/1.2.3/logback-core-1.2.3.jar
7f6318012000-7f6318033000 rw-p 00000000 00:00 0 
7f6318033000-7f6318034000 ---p 00000000 00:00 0 
7f6318034000-7f6318189000 rw-p 00000000 00:00 0 
7f6318189000-7f631826c000 ---p 00000000 00:00 0 
7f631826c000-7f63182c1000 rw-p 00000000 00:00 0 
7f63182c1000-7f63183a3000 ---p 00000000 00:00 0 
7f63183a3000-7f63183fe000 rw-p 00000000 00:00 0 
7f63183fe000-7f631843f000 ---p 00000000 00:00 0 
7f631843f000-7f631845e000 rw-p 00000000 00:00 0 
7f631845e000-7f6318800000 ---p 00000000 00:00 0 
7f6318800000-7f631881b000 r-xp 00000000 08:0b 7752787                    /opt/jdk1.8.0_201/jre/lib/amd64/libzip.so
7f631881b000-7f6318a1a000 ---p 0001b000 08:0b 7752787                    /opt/jdk1.8.0_201/jre/lib/amd64/libzip.so
7f6318a1a000-7f6318a1b000 r--p 0001a000 08:0b 7752787                    /opt/jdk1.8.0_201/jre/lib/amd64/libzip.so
7f6318a1b000-7f6318a1c000 rw-p 0001b000 08:0b 7752787                    /opt/jdk1.8.0_201/jre/lib/amd64/libzip.so
7f6318a1c000-7f6318a27000 r-xp 00000000 08:0b 7344917                    /lib/x86_64-linux-gnu/libnss_files-2.27.so
7f6318a27000-7f6318c26000 ---p 0000b000 08:0b 7344917                    /lib/x86_64-linux-gnu/libnss_files-2.27.so
7f6318c26000-7f6318c27000 r--p 0000a000 08:0b 7344917                    /lib/x86_64-linux-gnu/libnss_files-2.27.so
7f6318c27000-7f6318c28000 rw-p 0000b000 08:0b 7344917                    /lib/x86_64-linux-gnu/libnss_files-2.27.so
7f6318c28000-7f6318c2e000 rw-p 00000000 00:00 0 
7f6318c2e000-7f6318c45000 r-xp 00000000 08:0b 7344911                    /lib/x86_64-linux-gnu/libnsl-2.27.so
7f6318c45000-7f6318e44000 ---p 00017000 08:0b 7344911                    /lib/x86_64-linux-gnu/libnsl-2.27.so
7f6318e44000-7f6318e45000 r--p 00016000 08:0b 7344911                    /lib/x86_64-linux-gnu/libnsl-2.27.so
7f6318e45000-7f6318e46000 rw-p 00017000 08:0b 7344911                    /lib/x86_64-linux-gnu/libnsl-2.27.so
7f6318e46000-7f6318e48000 rw-p 00000000 00:00 0 
7f6318e48000-7f6318e53000 r-xp 00000000 08:0b 7344928                    /lib/x86_64-linux-gnu/libnss_nis-2.27.so
7f6318e53000-7f6319052000 ---p 0000b000 08:0b 7344928                    /lib/x86_64-linux-gnu/libnss_nis-2.27.so
7f6319052000-7f6319053000 r--p 0000a000 08:0b 7344928                    /lib/x86_64-linux-gnu/libnss_nis-2.27.so
7f6319053000-7f6319054000 rw-p 0000b000 08:0b 7344928                    /lib/x86_64-linux-gnu/libnss_nis-2.27.so
7f6319054000-7f631905c000 r-xp 00000000 08:0b 7344913                    /lib/x86_64-linux-gnu/libnss_compat-2.27.so
7f631905c000-7f631925c000 ---p 00008000 08:0b 7344913                    /lib/x86_64-linux-gnu/libnss_compat-2.27.so
7f631925c000-7f631925d000 r--p 00008000 08:0b 7344913                    /lib/x86_64-linux-gnu/libnss_compat-2.27.so
7f631925d000-7f631925e000 rw-p 00009000 08:0b 7344913                    /lib/x86_64-linux-gnu/libnss_compat-2.27.so
7f631925e000-7f631928a000 r-xp 00000000 08:0b 7752781                    /opt/jdk1.8.0_201/jre/lib/amd64/libjava.so
7f631928a000-7f631948a000 ---p 0002c000 08:0b 7752781                    /opt/jdk1.8.0_201/jre/lib/amd64/libjava.so
7f631948a000-7f631948b000 r--p 0002c000 08:0b 7752781                    /opt/jdk1.8.0_201/jre/lib/amd64/libjava.so
7f631948b000-7f631948d000 rw-p 0002d000 08:0b 7752781                    /opt/jdk1.8.0_201/jre/lib/amd64/libjava.so
7f631948d000-7f631949a000 r-xp 00000000 08:0b 7752786                    /opt/jdk1.8.0_201/jre/lib/amd64/libverify.so
7f631949a000-7f6319699000 ---p 0000d000 08:0b 7752786                    /opt/jdk1.8.0_201/jre/lib/amd64/libverify.so
7f6319699000-7f631969b000 r--p 0000c000 08:0b 7752786                    /opt/jdk1.8.0_201/jre/lib/amd64/libverify.so
7f631969b000-7f631969c000 rw-p 0000e000 08:0b 7752786                    /opt/jdk1.8.0_201/jre/lib/amd64/libverify.so
7f631969c000-7f63196a3000 r-xp 00000000 08:0b 7344968                    /lib/x86_64-linux-gnu/librt-2.27.so
7f63196a3000-7f63198a2000 ---p 00007000 08:0b 7344968                    /lib/x86_64-linux-gnu/librt-2.27.so
7f63198a2000-7f63198a3000 r--p 00006000 08:0b 7344968                    /lib/x86_64-linux-gnu/librt-2.27.so
7f63198a3000-7f63198a4000 rw-p 00007000 08:0b 7344968                    /lib/x86_64-linux-gnu/librt-2.27.so
7f63198a4000-7f6319a41000 r-xp 00000000 08:0b 7344890                    /lib/x86_64-linux-gnu/libm-2.27.so
7f6319a41000-7f6319c40000 ---p 0019d000 08:0b 7344890                    /lib/x86_64-linux-gnu/libm-2.27.so
7f6319c40000-7f6319c41000 r--p 0019c000 08:0b 7344890                    /lib/x86_64-linux-gnu/libm-2.27.so
7f6319c41000-7f6319c42000 rw-p 0019d000 08:0b 7344890                    /lib/x86_64-linux-gnu/libm-2.27.so
7f6319c42000-7f631a92a000 r-xp 00000000 08:0b 7752763                    /opt/jdk1.8.0_201/jre/lib/amd64/server/libjvm.so
7f631a92a000-7f631ab29000 ---p 00ce8000 08:0b 7752763                    /opt/jdk1.8.0_201/jre/lib/amd64/server/libjvm.so
7f631ab29000-7f631abbf000 r--p 00ce7000 08:0b 7752763                    /opt/jdk1.8.0_201/jre/lib/amd64/server/libjvm.so
7f631abbf000-7f631abf0000 rw-p 00d7d000 08:0b 7752763                    /opt/jdk1.8.0_201/jre/lib/amd64/server/libjvm.so
7f631abf0000-7f631ac2b000 rw-p 00000000 00:00 0 
7f631ac2b000-7f631ae12000 r-xp 00000000 08:0b 7344827                    /lib/x86_64-linux-gnu/libc-2.27.so
7f631ae12000-7f631b012000 ---p 001e7000 08:0b 7344827                    /lib/x86_64-linux-gnu/libc-2.27.so
7f631b012000-7f631b016000 r--p 001e7000 08:0b 7344827                    /lib/x86_64-linux-gnu/libc-2.27.so
7f631b016000-7f631b018000 rw-p 001eb000 08:0b 7344827                    /lib/x86_64-linux-gnu/libc-2.27.so
7f631b018000-7f631b01c000 rw-p 00000000 00:00 0 
7f631b01c000-7f631b01f000 r-xp 00000000 08:0b 7344850                    /lib/x86_64-linux-gnu/libdl-2.27.so
7f631b01f000-7f631b21e000 ---p 00003000 08:0b 7344850                    /lib/x86_64-linux-gnu/libdl-2.27.so
7f631b21e000-7f631b21f000 r--p 00002000 08:0b 7344850                    /lib/x86_64-linux-gnu/libdl-2.27.so
7f631b21f000-7f631b220000 rw-p 00003000 08:0b 7344850                    /lib/x86_64-linux-gnu/libdl-2.27.so
7f631b220000-7f631b237000 r-xp 00000000 08:0b 6691056                    /opt/jdk1.8.0_201/lib/amd64/jli/libjli.so
7f631b237000-7f631b436000 ---p 00017000 08:0b 6691056                    /opt/jdk1.8.0_201/lib/amd64/jli/libjli.so
7f631b436000-7f631b437000 r--p 00016000 08:0b 6691056                    /opt/jdk1.8.0_201/lib/amd64/jli/libjli.so
7f631b437000-7f631b438000 rw-p 00017000 08:0b 6691056                    /opt/jdk1.8.0_201/lib/amd64/jli/libjli.so
7f631b438000-7f631b452000 r-xp 00000000 08:0b 7344960                    /lib/x86_64-linux-gnu/libpthread-2.27.so
7f631b452000-7f631b651000 ---p 0001a000 08:0b 7344960                    /lib/x86_64-linux-gnu/libpthread-2.27.so
7f631b651000-7f631b652000 r--p 00019000 08:0b 7344960                    /lib/x86_64-linux-gnu/libpthread-2.27.so
7f631b652000-7f631b653000 rw-p 0001a000 08:0b 7344960                    /lib/x86_64-linux-gnu/libpthread-2.27.so
7f631b653000-7f631b657000 rw-p 00000000 00:00 0 
7f631b657000-7f631b67e000 r-xp 00000000 08:0b 7344799                    /lib/x86_64-linux-gnu/ld-2.27.so
7f631b67e000-7f631b680000 r--s 00003000 08:0b 6430888                    /home/luoji/.m2/repository/org/apache/logging/log4j/log4j-to-slf4j/2.11.2/log4j-to-slf4j-2.11.2.jar
7f631b680000-7f631b765000 rw-p 00000000 00:00 0 
7f631b765000-7f631b766000 ---p 00000000 00:00 0 
7f631b766000-7f631b769000 ---p 00000000 00:00 0 
7f631b769000-7f631b86a000 rw-p 00000000 00:00 0 
7f631b86a000-7f631b86b000 r--s 00001000 08:0b 6430906                    /home/luoji/.m2/repository/org/elasticsearch/client/transport/6.4.3/transport-6.4.3.jar
7f631b86b000-7f631b871000 r--s 00041000 08:0b 6430883                    /home/luoji/.m2/repository/ch/qos/logback/logback-classic/1.2.3/logback-classic-1.2.3.jar
7f631b871000-7f631b872000 r--s 00000000 08:0b 6430880                    /home/luoji/.m2/repository/org/springframework/boot/spring-boot-starter-logging/2.1.4.RELEASE/spring-boot-starter-logging-2.1.4.RELEASE.jar
7f631b872000-7f631b873000 r--s 00000000 08:0b 6298936                    /home/luoji/.m2/repository/org/springframework/boot/spring-boot-starter/2.1.4.RELEASE/spring-boot-starter-2.1.4.RELEASE.jar
7f631b873000-7f631b874000 r--s 00000000 08:0b 6298930                    /home/luoji/.m2/repository/org/springframework/boot/spring-boot-starter-data-elasticsearch/2.1.4.RELEASE/spring-boot-starter-data-elasticsearch-2.1.4.RELEASE.jar
7f631b874000-7f631b87c000 rw-s 00000000 08:0b 1969949                    /tmp/hsperfdata_luoji/5562
7f631b87c000-7f631b87d000 rw-p 00000000 00:00 0 
7f631b87d000-7f631b87e000 ---p 00000000 00:00 0 
7f631b87e000-7f631b87f000 r--p 00027000 08:0b 7344799                    /lib/x86_64-linux-gnu/ld-2.27.so
7f631b87f000-7f631b880000 rw-p 00028000 08:0b 7344799                    /lib/x86_64-linux-gnu/ld-2.27.so
7f631b880000-7f631b881000 rw-p 00000000 00:00 0 
7ffe22201000-7ffe22224000 rw-p 00000000 00:00 0                          [stack]
7ffe2234f000-7ffe22352000 r--p 00000000 00:00 0                          [vvar]
7ffe22352000-7ffe22354000 r-xp 00000000 00:00 0                          [vdso]
ffffffffff600000-ffffffffff601000 r-xp 00000000 00:00 0                  [vsyscall]

VM Arguments:
jvm_args: -Dcom.sun.management.jmxremote -Dcom.sun.management.jmxremote.port=36963 -Dcom.sun.management.jmxremote.authenticate=false -Dcom.sun.management.jmxremote.ssl=false -Djava.rmi.server.hostname=localhost -Dspring.jmx.enabled=true -Dspring.application.admin.enabled=true -Djava.security.egd=file:/dev/./urandom -Xverify:none -XX:TieredStopAtLevel=1 -Dfile.encoding=UTF-8 
java_command: com.example.elasticsearch.SimpleElasticsearchApplication
java_class_path (initial): /home/luoji/eclipse-workspace/simple-elasticsearch/target/classes:/home/luoji/.m2/repository/org/springframework/boot/spring-boot-starter-data-elasticsearch/2.1.4.RELEASE/spring-boot-starter-data-elasticsearch-2.1.4.RELEASE.jar:/home/luoji/.m2/repository/org/springframework/boot/spring-boot-starter/2.1.4.RELEASE/spring-boot-starter-2.1.4.RELEASE.jar:/home/luoji/.m2/repository/org/springframework/boot/spring-boot/2.1.4.RELEASE/spring-boot-2.1.4.RELEASE.jar:/home/luoji/.m2/repository/org/springframework/boot/spring-boot-autoconfigure/2.1.4.RELEASE/spring-boot-autoconfigure-2.1.4.RELEASE.jar:/home/luoji/.m2/repository/org/springframework/boot/spring-boot-starter-logging/2.1.4.RELEASE/spring-boot-starter-logging-2.1.4.RELEASE.jar:/home/luoji/.m2/repository/ch/qos/logback/logback-classic/1.2.3/logback-classic-1.2.3.jar:/home/luoji/.m2/repository/ch/qos/logback/logback-core/1.2.3/logback-core-1.2.3.jar:/home/luoji/.m2/repository/org/apache/logging/log4j/log4j-to-slf4j/2.11.2/log4j-to-slf4j-2.11.2.jar:/home/luoji/.m2/repository/org/apache/logging/log4j/log4j-api/2.11.2/log4j-api-2.11.2.jar:/home/luoji/.m2/repository/org/slf4j/jul-to-slf4j/1.7.26/jul-to-slf4j-1.7.26.jar:/home/luoji/.m2/repository/javax/annotation/javax.annotation-api/1.3.2/javax.annotation-api-1.3.2.jar:/home/luoji/.m2/repository/org/yaml/snakeyaml/1.23/snakeyaml-1.23.jar:/home/luoji/.m2/repository/org/springframework/data/spring-data-elasticsearch/3.1.6.RELEASE/spring-data-elasticsearch-3.1.6.RELEASE.jar:/home/luoji/.m2/repository/org/springframework/spring-context/5.1.6.RELEASE/spring-context-5.1.6.RELEASE.jar:/home/luoji/.m2/repository/org/springframework/spring-tx/5.1.6.RELEASE/spring-tx-5.1.6.RELEASE.jar:/home/luoji/.m2/repository/org/springframework/data/spring-data-commons/2.1.6.RELEASE/spring-data-commons-2.1.6.RELEASE.jar:/home/luoji/.m2/repository/joda-time/joda-time/2.10.1/joda-time-2.10.1.jar:/home/luoji/.m2/repository/org/elasticsearch/client/transport/6.4.3/transpo
Launcher Type: SUN_STANDARD

Environment Variables:
PATH=/home/luoji/.local/bin:/usr/local/sbin:/usr/local/bin:/usr/sbin:/usr/bin:/sbin:/bin:/usr/games:/usr/local/games:/snap/bin
USERNAME=luoji
SHELL=/bin/bash
DISPLAY=:0

Signal Handlers:
SIGSEGV: [libjvm.so+0xad3e60], sa_mask[0]=11111111011111111101111111111110, sa_flags=SA_RESTART|SA_SIGINFO
SIGBUS: [libjvm.so+0xad3e60], sa_mask[0]=11111111011111111101111111111110, sa_flags=SA_RESTART|SA_SIGINFO
SIGFPE: [libjvm.so+0x90b880], sa_mask[0]=11111111011111111101111111111110, sa_flags=SA_RESTART|SA_SIGINFO
SIGPIPE: [libjvm.so+0x90b880], sa_mask[0]=11111111011111111101111111111110, sa_flags=SA_RESTART|SA_SIGINFO
SIGXFSZ: [libjvm.so+0x90b880], sa_mask[0]=11111111011111111101111111111110, sa_flags=SA_RESTART|SA_SIGINFO
SIGILL: [libjvm.so+0x90b880], sa_mask[0]=11111111011111111101111111111110, sa_flags=SA_RESTART|SA_SIGINFO
SIGUSR1: SIG_DFL, sa_mask[0]=00000000000000000000000000000000, sa_flags=none
SIGUSR2: [libjvm.so+0x90b750], sa_mask[0]=00100000000000000000000000000000, sa_flags=SA_RESTART|SA_SIGINFO
SIGHUP: [libjvm.so+0x90bd70], sa_mask[0]=11111111011111111101111111111110, sa_flags=SA_RESTART|SA_SIGINFO
SIGINT: [libjvm.so+0x90bd70], sa_mask[0]=11111111011111111101111111111110, sa_flags=SA_RESTART|SA_SIGINFO
SIGTERM: [libjvm.so+0x90bd70], sa_mask[0]=11111111011111111101111111111110, sa_flags=SA_RESTART|SA_SIGINFO
SIGQUIT: [libjvm.so+0x90bd70], sa_mask[0]=11111111011111111101111111111110, sa_flags=SA_RESTART|SA_SIGINFO


---------------  S Y S T E M  ---------------

OS:DISTRIB_ID=Ubuntu
DISTRIB_RELEASE=18.04
DISTRIB_CODENAME=bionic
DISTRIB_DESCRIPTION="Ubuntu 18.04.1 LTS"

uname:Linux 4.15.0-47-generic #50-Ubuntu SMP Wed Mar 13 10:44:52 UTC 2019 x86_64
libc:glibc 2.27 NPTL 2.27 
rlimit: STACK 8192k, CORE 0k, NPROC 14456, NOFILE 4096, AS infinity
load average:5.95 5.89 5.45

/proc/meminfo:
MemTotal:        3817968 kB
MemFree:          112600 kB
MemAvailable:      22544 kB
Buffers:            1060 kB
Cached:           289636 kB
SwapCached:        13048 kB
Active:          2851168 kB
Inactive:         585456 kB
Active(anon):    2838736 kB
Inactive(anon):   567828 kB
Active(file):      12432 kB
Inactive(file):    17628 kB
Unevictable:          48 kB
Mlocked:              48 kB
SwapTotal:       2097148 kB
SwapFree:             48 kB
Dirty:               136 kB
Writeback:            32 kB
AnonPages:       3133668 kB
Mapped:            72524 kB
Shmem:            260420 kB
Slab:              99056 kB
SReclaimable:      35868 kB
SUnreclaim:        63188 kB
KernelStack:       18880 kB
PageTables:        71708 kB
NFS_Unstable:          0 kB
Bounce:                0 kB
WritebackTmp:          0 kB
CommitLimit:     4006132 kB
Committed_AS:   11915728 kB
VmallocTotal:   34359738367 kB
VmallocUsed:           0 kB
VmallocChunk:          0 kB
HardwareCorrupted:     0 kB
AnonHugePages:         0 kB
ShmemHugePages:        0 kB
ShmemPmdMapped:        0 kB
CmaTotal:              0 kB
CmaFree:               0 kB
HugePages_Total:       0
HugePages_Free:        0
HugePages_Rsvd:        0
HugePages_Surp:        0
Hugepagesize:       2048 kB
DirectMap4k:      192120 kB
DirectMap2M:     3778560 kB
DirectMap1G:           0 kB

container (cgroup) information:
container_type: cgroupv1
cpu_cpuset_cpus: 0-3
cpu_memory_nodes: 0
active_processor_count: 4
cpu_quota: -1
cpu_period: 100000
cpu_shares: -1
memory_limit_in_bytes: -1
memory_and_swap_limit_in_bytes: -2
memory_soft_limit_in_bytes: -1
memory_usage_in_bytes: 3509293056
memory_max_usage_in_bytes: 0


CPU:total 4 (initial active 4) (2 cores per cpu, 2 threads per core) family 6 model 142 stepping 9, cmov, cx8, fxsr, mmx, sse, sse2, sse3, ssse3, sse4.1, sse4.2, popcnt, avx, avx2, aes, clmul, erms, 3dnowpref, lzcnt, ht, tsc, tscinvbit, bmi1, bmi2, adx

/proc/cpuinfo:
processor	: 0
vendor_id	: GenuineIntel
cpu family	: 6
model		: 142
model name	: Intel(R) Core(TM) i5-7200U CPU @ 2.50GHz
stepping	: 9
microcode	: 0x8e
cpu MHz		: 686.749
cache size	: 3072 KB
physical id	: 0
siblings	: 4
core id		: 0
cpu cores	: 2
apicid		: 0
initial apicid	: 0
fpu		: yes
fpu_exception	: yes
cpuid level	: 22
wp		: yes
flags		: fpu vme de pse tsc msr pae mce cx8 apic sep mtrr pge mca cmov pat pse36 clflush dts acpi mmx fxsr sse sse2 ss ht tm pbe syscall nx pdpe1gb rdtscp lm constant_tsc art arch_perfmon pebs bts rep_good nopl xtopology nonstop_tsc cpuid aperfmperf tsc_known_freq pni pclmulqdq dtes64 monitor ds_cpl vmx est tm2 ssse3 sdbg fma cx16 xtpr pdcm pcid sse4_1 sse4_2 x2apic movbe popcnt tsc_deadline_timer aes xsave avx f16c rdrand lahf_lm abm 3dnowprefetch cpuid_fault epb invpcid_single pti ssbd ibrs ibpb stibp tpr_shadow vnmi flexpriority ept vpid fsgsbase tsc_adjust bmi1 avx2 smep bmi2 erms invpcid mpx rdseed adx smap clflushopt intel_pt xsaveopt xsavec xgetbv1 xsaves dtherm ida arat pln pts hwp hwp_notify hwp_act_window hwp_epp flush_l1d
bugs		: cpu_meltdown spectre_v1 spectre_v2 spec_store_bypass l1tf
bogomips	: 5424.00
clflush size	: 64
cache_alignment	: 64
address sizes	: 39 bits physical, 48 bits virtual
power management:

processor	: 1
vendor_id	: GenuineIntel
cpu family	: 6
model		: 142
model name	: Intel(R) Core(TM) i5-7200U CPU @ 2.50GHz
stepping	: 9
microcode	: 0x8e
cpu MHz		: 700.081
cache size	: 3072 KB
physical id	: 0
siblings	: 4
core id		: 1
cpu cores	: 2
apicid		: 2
initial apicid	: 2
fpu		: yes
fpu_exception	: yes
cpuid level	: 22
wp		: yes
flags		: fpu vme de pse tsc msr pae mce cx8 apic sep mtrr pge mca cmov pat pse36 clflush dts acpi mmx fxsr sse sse2 ss ht tm pbe syscall nx pdpe1gb rdtscp lm constant_tsc art arch_perfmon pebs bts rep_good nopl xtopology nonstop_tsc cpuid aperfmperf tsc_known_freq pni pclmulqdq dtes64 monitor ds_cpl vmx est tm2 ssse3 sdbg fma cx16 xtpr pdcm pcid sse4_1 sse4_2 x2apic movbe popcnt tsc_deadline_timer aes xsave avx f16c rdrand lahf_lm abm 3dnowprefetch cpuid_fault epb invpcid_single pti ssbd ibrs ibpb stibp tpr_shadow vnmi flexpriority ept vpid fsgsbase tsc_adjust bmi1 avx2 smep bmi2 erms invpcid mpx rdseed adx smap clflushopt intel_pt xsaveopt xsavec xgetbv1 xsaves dtherm ida arat pln pts hwp hwp_notify hwp_act_window hwp_epp flush_l1d
bugs		: cpu_meltdown spectre_v1 spectre_v2 spec_store_bypass l1tf
bogomips	: 5424.00
clflush size	: 64
cache_alignment	: 64
address sizes	: 39 bits physical, 48 bits virtual
power management:

processor	: 2
vendor_id	: GenuineIntel
cpu family	: 6
model		: 142
model name	: Intel(R) Core(TM) i5-7200U CPU @ 2.50GHz
stepping	: 9
microcode	: 0x8e
cpu MHz		: 685.398
cache size	: 3072 KB
physical id	: 0
siblings	: 4
core id		: 0
cpu cores	: 2
apicid		: 1
initial apicid	: 1
fpu		: yes
fpu_exception	: yes
cpuid level	: 22
wp		: yes
flags		: fpu vme de pse tsc msr pae mce cx8 apic sep mtrr pge mca cmov pat pse36 clflush dts acpi mmx fxsr sse sse2 ss ht tm pbe syscall nx pdpe1gb rdtscp lm constant_tsc art arch_perfmon pebs bts rep_good nopl xtopology nonstop_tsc cpuid aperfmperf tsc_known_freq pni pclmulqdq dtes64 monitor ds_cpl vmx est tm2 ssse3 sdbg fma cx16 xtpr pdcm pcid sse4_1 sse4_2 x2apic movbe popcnt tsc_deadline_timer aes xsave avx f16c rdrand lahf_lm abm 3dnowprefetch cpuid_fault epb invpcid_single pti ssbd ibrs ibpb stibp tpr_shadow vnmi flexpriority ept vpid fsgsbase tsc_adjust bmi1 avx2 smep bmi2 erms invpcid mpx rdseed adx smap clflushopt intel_pt xsaveopt xsavec xgetbv1 xsaves dtherm ida arat pln pts hwp hwp_notify hwp_act_window hwp_epp flush_l1d
bugs		: cpu_meltdown spectre_v1 spectre_v2 spec_store_bypass l1tf
bogomips	: 5424.00
clflush size	: 64
cache_alignment	: 64
address sizes	: 39 bits physical, 48 bits virtual
power management:

processor	: 3
vendor_id	: GenuineIntel
cpu family	: 6
model		: 142
model name	: Intel(R) Core(TM) i5-7200U CPU @ 2.50GHz
stepping	: 9
microcode	: 0x8e
cpu MHz		: 699.379
cache size	: 3072 KB
physical id	: 0
siblings	: 4
core id		: 1
cpu cores	: 2
apicid		: 3
initial apicid	: 3
fpu		: yes
fpu_exception	: yes
cpuid level	: 22
wp		: yes
flags		: fpu vme de pse tsc msr pae mce cx8 apic sep mtrr pge mca cmov pat pse36 clflush dts acpi mmx fxsr sse sse2 ss ht tm pbe syscall nx pdpe1gb rdtscp lm constant_tsc art arch_perfmon pebs bts rep_good nopl xtopology nonstop_tsc cpuid aperfmperf tsc_known_freq pni pclmulqdq dtes64 monitor ds_cpl vmx est tm2 ssse3 sdbg fma cx16 xtpr pdcm pcid sse4_1 sse4_2 x2apic movbe popcnt tsc_deadline_timer aes xsave avx f16c rdrand lahf_lm abm 3dnowprefetch cpuid_fault epb invpcid_single pti ssbd ibrs ibpb stibp tpr_shadow vnmi flexpriority ept vpid fsgsbase tsc_adjust bmi1 avx2 smep bmi2 erms invpcid mpx rdseed adx smap clflushopt intel_pt xsaveopt xsavec xgetbv1 xsaves dtherm ida arat pln pts hwp hwp_notify hwp_act_window hwp_epp flush_l1d
bugs		: cpu_meltdown spectre_v1 spectre_v2 spec_store_bypass l1tf
bogomips	: 5424.00
clflush size	: 64
cache_alignment	: 64
address sizes	: 39 bits physical, 48 bits virtual
power management:



Memory: 4k page, physical 3817968k(107888k free), swap 2097148k(80k free)

vm_info: Java HotSpot(TM) 64-Bit Server VM (25.201-b09) for linux-amd64 JRE (1.8.0_201-b09), built on Dec 15 2018 11:35:59 by "java_re" with gcc 7.3.0

time: Sun Apr 14 11:48:08 2019
timezone: CST
elapsed time: 65 seconds (0d 0h 1m 5s)

